[Sandcastle Help File Builder GUI, version 1.6.0.2]
Build started at 11/08/2008 0:22:27

Finding tools...
Found Sandcastle in 'C:\Archivos de programa\Sandcastle\'
Found HTML 1.x help compiler in 'C:\Archivos de programa\HTML Help Workshop\'
Validating documentation assembly information...
-------------------------------
Generating shared content files (en-US, Inglés (Estados Unidos))...
    Last step completed in 00:00:00.0313
-------------------------------
Copying documentation assembly dependencies...
No dependencies to copy
    Last step completed in 00:00:00.0000
-------------------------------
Generating API filter for MRefBuilder...
    Last step completed in 00:00:00.0156
-------------------------------
Generating reflection information...
[C:\Documents and Settings\Ricky\Escritorio\IniFileParser\src\IniFileParser\Working\GenerateRefInfo.bat]
MrefBuilder (v2.3.8000.26)
Copyright ¸ Microsoft 2006
Info: Loaded 1 assemblies for reflection and 0 dependency assemblies.
Info: Wrote information on 1 namespaces, 9 types, and 60 members
    Last step completed in 00:00:00.6406
-------------------------------
Removing duplicate topics from reflection information file
    0 duplicate topics removed
    Last step completed in 00:00:00.0156
-------------------------------
Generating namespace summary information...
    Last step completed in 00:00:00.0000
-------------------------------
Applying visibility properties to reflection information file
    0 attribute nodes removed
    2 explicit interface implementations removed
    2 local and base class EII elements removed
    Last step completed in 00:00:00.0156
-------------------------------
Transforming reflection output...
[C:\Documents and Settings\Ricky\Escritorio\IniFileParser\src\IniFileParser\Working\TransformManifest.bat]
XslTransform (v2.3.8000.26)
Copyright ¸ Microsoft 2005-2006
Info: Applying XSL transformation 'C:\Archivos de programa\Sandcastle\ProductionTransforms\ApplyPrototypeDocModel.xsl'.
Info: Applying XSL transformation 'C:\Archivos de programa\Sandcastle\ProductionTransforms\AddGuidFilenames.xsl'.
XslTransform (v2.3.8000.26)
Copyright ¸ Microsoft 2005-2006
Info: Applying XSL transformation 'C:\Archivos de programa\Sandcastle\ProductionTransforms\ReflectionToManifest.xsl'.
    Last step completed in 00:00:01.2813
-------------------------------
Modifying help topic filenames in reflection information file
No changes required
    Last step completed in 00:00:00.0000
-------------------------------
Copying standard help content...
C:\Archivos de programa\Sandcastle\Presentation\Prototype\icons\alert_caution.gif -> C:\Documents and Settings\Ricky\Escritorio\IniFileParser\src\IniFileParser\Working\Output\icons\alert_caution.gif
C:\Archivos de programa\Sandcastle\Presentation\Prototype\icons\alert_note.gif -> C:\Documents and Settings\Ricky\Escritorio\IniFileParser\src\IniFileParser\Working\Output\icons\alert_note.gif
C:\Archivos de programa\Sandcastle\Presentation\Prototype\icons\alert_security.gif -> C:\Documents and Settings\Ricky\Escritorio\IniFileParser\src\IniFileParser\Working\Output\icons\alert_security.gif
C:\Archivos de programa\Sandcastle\Presentation\Prototype\icons\Caution.gif -> C:\Documents and Settings\Ricky\Escritorio\IniFileParser\src\IniFileParser\Working\Output\icons\Caution.gif
C:\Archivos de programa\Sandcastle\Presentation\Prototype\icons\CFW.gif -> C:\Documents and Settings\Ricky\Escritorio\IniFileParser\src\IniFileParser\Working\Output\icons\CFW.gif
C:\Archivos de programa\Sandcastle\Presentation\Prototype\icons\collapse_all.gif -> C:\Documents and Settings\Ricky\Escritorio\IniFileParser\src\IniFileParser\Working\Output\icons\collapse_all.gif
C:\Archivos de programa\Sandcastle\Presentation\Prototype\icons\copycode.gif -> C:\Documents and Settings\Ricky\Escritorio\IniFileParser\src\IniFileParser\Working\Output\icons\copycode.gif
C:\Archivos de programa\Sandcastle\Presentation\Prototype\icons\expand_all.gif -> C:\Documents and Settings\Ricky\Escritorio\IniFileParser\src\IniFileParser\Working\Output\icons\expand_all.gif
C:\Archivos de programa\Sandcastle\Presentation\Prototype\icons\LastChild.gif -> C:\Documents and Settings\Ricky\Escritorio\IniFileParser\src\IniFileParser\Working\Output\icons\LastChild.gif
C:\Archivos de programa\Sandcastle\Presentation\Prototype\icons\NotLastChild.gif -> C:\Documents and Settings\Ricky\Escritorio\IniFileParser\src\IniFileParser\Working\Output\icons\NotLastChild.gif
C:\Archivos de programa\Sandcastle\Presentation\Prototype\icons\privclass.gif -> C:\Documents and Settings\Ricky\Escritorio\IniFileParser\src\IniFileParser\Working\Output\icons\privclass.gif
C:\Archivos de programa\Sandcastle\Presentation\Prototype\icons\privdelegate.gif -> C:\Documents and Settings\Ricky\Escritorio\IniFileParser\src\IniFileParser\Working\Output\icons\privdelegate.gif
C:\Archivos de programa\Sandcastle\Presentation\Prototype\icons\privenum.gif -> C:\Documents and Settings\Ricky\Escritorio\IniFileParser\src\IniFileParser\Working\Output\icons\privenum.gif
C:\Archivos de programa\Sandcastle\Presentation\Prototype\icons\privevent.gif -> C:\Documents and Settings\Ricky\Escritorio\IniFileParser\src\IniFileParser\Working\Output\icons\privevent.gif
C:\Archivos de programa\Sandcastle\Presentation\Prototype\icons\privfield.gif -> C:\Documents and Settings\Ricky\Escritorio\IniFileParser\src\IniFileParser\Working\Output\icons\privfield.gif
C:\Archivos de programa\Sandcastle\Presentation\Prototype\icons\privinterface.gif -> C:\Documents and Settings\Ricky\Escritorio\IniFileParser\src\IniFileParser\Working\Output\icons\privinterface.gif
C:\Archivos de programa\Sandcastle\Presentation\Prototype\icons\privmethod.gif -> C:\Documents and Settings\Ricky\Escritorio\IniFileParser\src\IniFileParser\Working\Output\icons\privmethod.gif
C:\Archivos de programa\Sandcastle\Presentation\Prototype\icons\privproperty.gif -> C:\Documents and Settings\Ricky\Escritorio\IniFileParser\src\IniFileParser\Working\Output\icons\privproperty.gif
C:\Archivos de programa\Sandcastle\Presentation\Prototype\icons\privstructure.gif -> C:\Documents and Settings\Ricky\Escritorio\IniFileParser\src\IniFileParser\Working\Output\icons\privstructure.gif
C:\Archivos de programa\Sandcastle\Presentation\Prototype\icons\protclass.gif -> C:\Documents and Settings\Ricky\Escritorio\IniFileParser\src\IniFileParser\Working\Output\icons\protclass.gif
C:\Archivos de programa\Sandcastle\Presentation\Prototype\icons\protdelegate.gif -> C:\Documents and Settings\Ricky\Escritorio\IniFileParser\src\IniFileParser\Working\Output\icons\protdelegate.gif
C:\Archivos de programa\Sandcastle\Presentation\Prototype\icons\protenum.gif -> C:\Documents and Settings\Ricky\Escritorio\IniFileParser\src\IniFileParser\Working\Output\icons\protenum.gif
C:\Archivos de programa\Sandcastle\Presentation\Prototype\icons\protevent.gif -> C:\Documents and Settings\Ricky\Escritorio\IniFileParser\src\IniFileParser\Working\Output\icons\protevent.gif
C:\Archivos de programa\Sandcastle\Presentation\Prototype\icons\protfield.gif -> C:\Documents and Settings\Ricky\Escritorio\IniFileParser\src\IniFileParser\Working\Output\icons\protfield.gif
C:\Archivos de programa\Sandcastle\Presentation\Prototype\icons\protfield.png -> C:\Documents and Settings\Ricky\Escritorio\IniFileParser\src\IniFileParser\Working\Output\icons\protfield.png
C:\Archivos de programa\Sandcastle\Presentation\Prototype\icons\protinterface.gif -> C:\Documents and Settings\Ricky\Escritorio\IniFileParser\src\IniFileParser\Working\Output\icons\protinterface.gif
C:\Archivos de programa\Sandcastle\Presentation\Prototype\icons\protmethod.gif -> C:\Documents and Settings\Ricky\Escritorio\IniFileParser\src\IniFileParser\Working\Output\icons\protmethod.gif
C:\Archivos de programa\Sandcastle\Presentation\Prototype\icons\protoperator.gif -> C:\Documents and Settings\Ricky\Escritorio\IniFileParser\src\IniFileParser\Working\Output\icons\protoperator.gif
C:\Archivos de programa\Sandcastle\Presentation\Prototype\icons\protproperty.gif -> C:\Documents and Settings\Ricky\Escritorio\IniFileParser\src\IniFileParser\Working\Output\icons\protproperty.gif
C:\Archivos de programa\Sandcastle\Presentation\Prototype\icons\protstructure.gif -> C:\Documents and Settings\Ricky\Escritorio\IniFileParser\src\IniFileParser\Working\Output\icons\protstructure.gif
C:\Archivos de programa\Sandcastle\Presentation\Prototype\icons\pubclass.gif -> C:\Documents and Settings\Ricky\Escritorio\IniFileParser\src\IniFileParser\Working\Output\icons\pubclass.gif
C:\Archivos de programa\Sandcastle\Presentation\Prototype\icons\pubdelegate.gif -> C:\Documents and Settings\Ricky\Escritorio\IniFileParser\src\IniFileParser\Working\Output\icons\pubdelegate.gif
C:\Archivos de programa\Sandcastle\Presentation\Prototype\icons\pubenum.gif -> C:\Documents and Settings\Ricky\Escritorio\IniFileParser\src\IniFileParser\Working\Output\icons\pubenum.gif
C:\Archivos de programa\Sandcastle\Presentation\Prototype\icons\pubevent.gif -> C:\Documents and Settings\Ricky\Escritorio\IniFileParser\src\IniFileParser\Working\Output\icons\pubevent.gif
C:\Archivos de programa\Sandcastle\Presentation\Prototype\icons\pubfield.gif -> C:\Documents and Settings\Ricky\Escritorio\IniFileParser\src\IniFileParser\Working\Output\icons\pubfield.gif
C:\Archivos de programa\Sandcastle\Presentation\Prototype\icons\pubinterface.gif -> C:\Documents and Settings\Ricky\Escritorio\IniFileParser\src\IniFileParser\Working\Output\icons\pubinterface.gif
C:\Archivos de programa\Sandcastle\Presentation\Prototype\icons\pubmethod.gif -> C:\Documents and Settings\Ricky\Escritorio\IniFileParser\src\IniFileParser\Working\Output\icons\pubmethod.gif
C:\Archivos de programa\Sandcastle\Presentation\Prototype\icons\puboperator.gif -> C:\Documents and Settings\Ricky\Escritorio\IniFileParser\src\IniFileParser\Working\Output\icons\puboperator.gif
C:\Archivos de programa\Sandcastle\Presentation\Prototype\icons\pubproperty.gif -> C:\Documents and Settings\Ricky\Escritorio\IniFileParser\src\IniFileParser\Working\Output\icons\pubproperty.gif
C:\Archivos de programa\Sandcastle\Presentation\Prototype\icons\pubstructure.gif -> C:\Documents and Settings\Ricky\Escritorio\IniFileParser\src\IniFileParser\Working\Output\icons\pubstructure.gif
C:\Archivos de programa\Sandcastle\Presentation\Prototype\icons\security.gif -> C:\Documents and Settings\Ricky\Escritorio\IniFileParser\src\IniFileParser\Working\Output\icons\security.gif
C:\Archivos de programa\Sandcastle\Presentation\Prototype\icons\static.gif -> C:\Documents and Settings\Ricky\Escritorio\IniFileParser\src\IniFileParser\Working\Output\icons\static.gif
C:\Archivos de programa\Sandcastle\Presentation\Prototype\scripts\CollapsibleSection.js -> C:\Documents and Settings\Ricky\Escritorio\IniFileParser\src\IniFileParser\Working\Output\scripts\CollapsibleSection.js
C:\Archivos de programa\Sandcastle\Presentation\Prototype\scripts\CookieDataStore.js -> C:\Documents and Settings\Ricky\Escritorio\IniFileParser\src\IniFileParser\Working\Output\scripts\CookieDataStore.js
C:\Archivos de programa\Sandcastle\Presentation\Prototype\scripts\ElementCollection.js -> C:\Documents and Settings\Ricky\Escritorio\IniFileParser\src\IniFileParser\Working\Output\scripts\ElementCollection.js
C:\Archivos de programa\Sandcastle\Presentation\Prototype\scripts\EventUtilities.js -> C:\Documents and Settings\Ricky\Escritorio\IniFileParser\src\IniFileParser\Working\Output\scripts\EventUtilities.js
C:\Archivos de programa\Sandcastle\Presentation\Prototype\scripts\LanguageFilter.js -> C:\Documents and Settings\Ricky\Escritorio\IniFileParser\src\IniFileParser\Working\Output\scripts\LanguageFilter.js
C:\Archivos de programa\Sandcastle\Presentation\Prototype\scripts\MemberFilter.js -> C:\Documents and Settings\Ricky\Escritorio\IniFileParser\src\IniFileParser\Working\Output\scripts\MemberFilter.js
C:\Archivos de programa\Sandcastle\Presentation\Prototype\scripts\SplitScreen.js -> C:\Documents and Settings\Ricky\Escritorio\IniFileParser\src\IniFileParser\Working\Output\scripts\SplitScreen.js
C:\Archivos de programa\Sandcastle\Presentation\Prototype\scripts\StyleUtilities.js -> C:\Documents and Settings\Ricky\Escritorio\IniFileParser\src\IniFileParser\Working\Output\scripts\StyleUtilities.js
C:\Archivos de programa\Sandcastle\Presentation\Prototype\styles\presentation.css -> C:\Documents and Settings\Ricky\Escritorio\IniFileParser\src\IniFileParser\Working\Output\styles\presentation.css
    Last step completed in 00:00:00.4375

Copying additional content files...
No additional content to copy
    Last step completed in 00:00:00.0156
-------------------------------
Creating Sandcastle configuration file...
    Last step completed in 00:00:00.0000
-------------------------------
Merging custom build component configurations
    No component configurations to merge
    Last step completed in 00:00:00.0156
-------------------------------
Building help topics...
[C:\Documents and Settings\Ricky\Escritorio\IniFileParser\src\IniFileParser\Working\BuildHelpTopics.bat]
BuildAssembler (v2.3.8000.26)
Copyright ¸ Microsoft 2006
Info: CopyFromFileComponent: Instantiating component.
Info: CopyFromFileComponent: Loading data file 'C:\Archivos de programa\Sandcastle\Presentation\Prototype\transforms\skeleton.xml'.
Info: CopyFromIndexComponent: Instantiating component.
Info: CopyFromIndexComponent: Searching for files that match '*.xml'.
Info: CopyFromIndexComponent: Searching for files that match 'reflection.xml'.
Info: CopyFromIndexComponent: Indexed 170167 elements in 107 files.
Info: CopyFromIndexComponent: Instantiating component.
Info: ForEachComponent: Instantiating component.
Info: ForEachComponent: Loading subcomponents.
Info: CopyFromIndexComponent: Instantiating component.
Info: ForEachComponent: Loaded 1 subcomponents.
Info: IfThenComponent: Instantiating component.
Info: SyntaxComponent: Instantiating component.
Info: SyntaxComponent: Loaded 3 syntax generators.
Info: CopyFromIndexComponent: Instantiating component.
Info: CopyFromIndexComponent: Searching for files that match '*.xml'.
Warn: CopyFromIndexComponent: Entries for the key 'N:System.Data.SqlClient' occur in both 'C:\WINDOWS\Microsoft.NET\Framework\v2.0.50727\System.Data.SqlClient.xml' and 'C:\WINDOWS\Microsoft.NET\Framework\v2.0.50727\System.Data.xml'. The last entry will be used.
Warn: CopyFromIndexComponent: Entries for the key 'T:System.Data.SqlClient.SqlCommand' occur in both 'C:\WINDOWS\Microsoft.NET\Framework\v2.0.50727\System.Data.SqlClient.xml' and 'C:\WINDOWS\Microsoft.NET\Framework\v2.0.50727\System.Data.xml'. The last entry will be used.
Warn: CopyFromIndexComponent: Entries for the key 'M:System.Data.SqlClient.SqlCommand.#ctor' occur in both 'C:\WINDOWS\Microsoft.NET\Framework\v2.0.50727\System.Data.SqlClient.xml' and 'C:\WINDOWS\Microsoft.NET\Framework\v2.0.50727\System.Data.xml'. The last entry will be used.
Warn: CopyFromIndexComponent: Entries for the key 'M:System.Data.SqlClient.SqlCommand.#ctor(System.String)' occur in both 'C:\WINDOWS\Microsoft.NET\Framework\v2.0.50727\System.Data.SqlClient.xml' and 'C:\WINDOWS\Microsoft.NET\Framework\v2.0.50727\System.Data.xml'. The last entry will be used.
Warn: CopyFromIndexComponent: Entries for the key 'M:System.Data.SqlClient.SqlCommand.#ctor(System.String,System.Data.SqlClient.SqlConnection)' occur in both 'C:\WINDOWS\Microsoft.NET\Framework\v2.0.50727\System.Data.SqlClient.xml' and 'C:\WINDOWS\Microsoft.NET\Framework\v2.0.50727\System.Data.xml'. The last entry will be used.
Warn: CopyFromIndexComponent: Entries for the key 'M:System.Data.SqlClient.SqlCommand.#ctor(System.String,System.Data.SqlClient.SqlConnection,System.Data.SqlClient.SqlTransaction)' occur in both 'C:\WINDOWS\Microsoft.NET\Framework\v2.0.50727\System.Data.SqlClient.xml' and 'C:\WINDOWS\Microsoft.NET\Framework\v2.0.50727\System.Data.xml'. The last entry will be used.
Warn: CopyFromIndexComponent: Entries for the key 'M:System.Data.SqlClient.SqlCommand.Cancel' occur in both 'C:\WINDOWS\Microsoft.NET\Framework\v2.0.50727\System.Data.SqlClient.xml' and 'C:\WINDOWS\Microsoft.NET\Framework\v2.0.50727\System.Data.xml'. The last entry will be used.
Warn: CopyFromIndexComponent: Entries for the key 'M:System.Data.SqlClient.SqlCommand.CreateParameter' occur in both 'C:\WINDOWS\Microsoft.NET\Framework\v2.0.50727\System.Data.SqlClient.xml' and 'C:\WINDOWS\Microsoft.NET\Framework\v2.0.50727\System.Data.xml'. The last entry will be used.
Warn: CopyFromIndexComponent: Entries for the key 'M:System.Data.SqlClient.SqlCommand.ExecuteNonQuery' occur in both 'C:\WINDOWS\Microsoft.NET\Framework\v2.0.50727\System.Data.SqlClient.xml' and 'C:\WINDOWS\Microsoft.NET\Framework\v2.0.50727\System.Data.xml'. The last entry will be used.
Warn: CopyFromIndexComponent: Entries for the key 'M:System.Data.SqlClient.SqlCommand.ExecuteReader' occur in both 'C:\WINDOWS\Microsoft.NET\Framework\v2.0.50727\System.Data.SqlClient.xml' and 'C:\WINDOWS\Microsoft.NET\Framework\v2.0.50727\System.Data.xml'. The last entry will be used.
Warn: CopyFromIndexComponent: Entries for the key 'M:System.Data.SqlClient.SqlCommand.ExecuteReader(System.Data.CommandBehavior)' occur in both 'C:\WINDOWS\Microsoft.NET\Framework\v2.0.50727\System.Data.SqlClient.xml' and 'C:\WINDOWS\Microsoft.NET\Framework\v2.0.50727\System.Data.xml'. The last entry will be used.
Warn: CopyFromIndexComponent: Entries for the key 'M:System.Data.SqlClient.SqlCommand.ExecuteScalar' occur in both 'C:\WINDOWS\Microsoft.NET\Framework\v2.0.50727\System.Data.SqlClient.xml' and 'C:\WINDOWS\Microsoft.NET\Framework\v2.0.50727\System.Data.xml'. The last entry will be used.
Warn: CopyFromIndexComponent: Entries for the key 'M:System.Data.SqlClient.SqlCommand.ExecuteXmlReader' occur in both 'C:\WINDOWS\Microsoft.NET\Framework\v2.0.50727\System.Data.SqlClient.xml' and 'C:\WINDOWS\Microsoft.NET\Framework\v2.0.50727\System.Data.xml'. The last entry will be used.
Warn: CopyFromIndexComponent: Entries for the key 'M:System.Data.SqlClient.SqlCommand.Prepare' occur in both 'C:\WINDOWS\Microsoft.NET\Framework\v2.0.50727\System.Data.SqlClient.xml' and 'C:\WINDOWS\Microsoft.NET\Framework\v2.0.50727\System.Data.xml'. The last entry will be used.
Warn: CopyFromIndexComponent: Entries for the key 'M:System.Data.SqlClient.SqlCommand.ResetCommandTimeout' occur in both 'C:\WINDOWS\Microsoft.NET\Framework\v2.0.50727\System.Data.SqlClient.xml' and 'C:\WINDOWS\Microsoft.NET\Framework\v2.0.50727\System.Data.xml'. The last entry will be used.
Warn: CopyFromIndexComponent: Entries for the key 'P:System.Data.SqlClient.SqlCommand.CommandText' occur in both 'C:\WINDOWS\Microsoft.NET\Framework\v2.0.50727\System.Data.SqlClient.xml' and 'C:\WINDOWS\Microsoft.NET\Framework\v2.0.50727\System.Data.xml'. The last entry will be used.
Warn: CopyFromIndexComponent: Entries for the key 'P:System.Data.SqlClient.SqlCommand.CommandTimeout' occur in both 'C:\WINDOWS\Microsoft.NET\Framework\v2.0.50727\System.Data.SqlClient.xml' and 'C:\WINDOWS\Microsoft.NET\Framework\v2.0.50727\System.Data.xml'. The last entry will be used.
Warn: CopyFromIndexComponent: Entries for the key 'P:System.Data.SqlClient.SqlCommand.CommandType' occur in both 'C:\WINDOWS\Microsoft.NET\Framework\v2.0.50727\System.Data.SqlClient.xml' and 'C:\WINDOWS\Microsoft.NET\Framework\v2.0.50727\System.Data.xml'. The last entry will be used.
Warn: CopyFromIndexComponent: Entries for the key 'P:System.Data.SqlClient.SqlCommand.Connection' occur in both 'C:\WINDOWS\Microsoft.NET\Framework\v2.0.50727\System.Data.SqlClient.xml' and 'C:\WINDOWS\Microsoft.NET\Framework\v2.0.50727\System.Data.xml'. The last entry will be used.
Warn: CopyFromIndexComponent: Entries for the key 'P:System.Data.SqlClient.SqlCommand.Parameters' occur in both 'C:\WINDOWS\Microsoft.NET\Framework\v2.0.50727\System.Data.SqlClient.xml' and 'C:\WINDOWS\Microsoft.NET\Framework\v2.0.50727\System.Data.xml'. The last entry will be used.
Warn: CopyFromIndexComponent: Entries for the key 'P:System.Data.SqlClient.SqlCommand.Transaction' occur in both 'C:\WINDOWS\Microsoft.NET\Framework\v2.0.50727\System.Data.SqlClient.xml' and 'C:\WINDOWS\Microsoft.NET\Framework\v2.0.50727\System.Data.xml'. The last entry will be used.
Warn: CopyFromIndexComponent: Entries for the key 'P:System.Data.SqlClient.SqlCommand.UpdatedRowSource' occur in both 'C:\WINDOWS\Microsoft.NET\Framework\v2.0.50727\System.Data.SqlClient.xml' and 'C:\WINDOWS\Microsoft.NET\Framework\v2.0.50727\System.Data.xml'. The last entry will be used.
Warn: CopyFromIndexComponent: Entries for the key 'T:System.Data.SqlClient.SqlCommandBuilder' occur in both 'C:\WINDOWS\Microsoft.NET\Framework\v2.0.50727\System.Data.SqlClient.xml' and 'C:\WINDOWS\Microsoft.NET\Framework\v2.0.50727\System.Data.xml'. The last entry will be used.
Warn: CopyFromIndexComponent: Entries for the key 'M:System.Data.SqlClient.SqlCommandBuilder.#ctor' occur in both 'C:\WINDOWS\Microsoft.NET\Framework\v2.0.50727\System.Data.SqlClient.xml' and 'C:\WINDOWS\Microsoft.NET\Framework\v2.0.50727\System.Data.xml'. The last entry will be used.
Warn: CopyFromIndexComponent: Entries for the key 'M:System.Data.SqlClient.SqlCommandBuilder.#ctor(System.Data.SqlClient.SqlDataAdapter)' occur in both 'C:\WINDOWS\Microsoft.NET\Framework\v2.0.50727\System.Data.SqlClient.xml' and 'C:\WINDOWS\Microsoft.NET\Framework\v2.0.50727\System.Data.xml'. The last entry will be used.
Warn: CopyFromIndexComponent: Entries for the key 'M:System.Data.SqlClient.SqlCommandBuilder.DeriveParameters(System.Data.SqlClient.SqlCommand)' occur in both 'C:\WINDOWS\Microsoft.NET\Framework\v2.0.50727\System.Data.SqlClient.xml' and 'C:\WINDOWS\Microsoft.NET\Framework\v2.0.50727\System.Data.xml'. The last entry will be used.
Warn: CopyFromIndexComponent: Entries for the key 'M:System.Data.SqlClient.SqlCommandBuilder.GetDeleteCommand' occur in both 'C:\WINDOWS\Microsoft.NET\Framework\v2.0.50727\System.Data.SqlClient.xml' and 'C:\WINDOWS\Microsoft.NET\Framework\v2.0.50727\System.Data.xml'. The last entry will be used.
Warn: CopyFromIndexComponent: Entries for the key 'M:System.Data.SqlClient.SqlCommandBuilder.GetInsertCommand' occur in both 'C:\WINDOWS\Microsoft.NET\Framework\v2.0.50727\System.Data.SqlClient.xml' and 'C:\WINDOWS\Microsoft.NET\Framework\v2.0.50727\System.Data.xml'. The last entry will be used.
Warn: CopyFromIndexComponent: Entries for the key 'M:System.Data.SqlClient.SqlCommandBuilder.GetUpdateCommand' occur in both 'C:\WINDOWS\Microsoft.NET\Framework\v2.0.50727\System.Data.SqlClient.xml' and 'C:\WINDOWS\Microsoft.NET\Framework\v2.0.50727\System.Data.xml'. The last entry will be used.
Warn: CopyFromIndexComponent: Entries for the key 'P:System.Data.SqlClient.SqlCommandBuilder.DataAdapter' occur in both 'C:\WINDOWS\Microsoft.NET\Framework\v2.0.50727\System.Data.SqlClient.xml' and 'C:\WINDOWS\Microsoft.NET\Framework\v2.0.50727\System.Data.xml'. The last entry will be used.
Warn: CopyFromIndexComponent: Entries for the key 'P:System.Data.SqlClient.SqlCommandBuilder.QuotePrefix' occur in both 'C:\WINDOWS\Microsoft.NET\Framework\v2.0.50727\System.Data.SqlClient.xml' and 'C:\WINDOWS\Microsoft.NET\Framework\v2.0.50727\System.Data.xml'. The last entry will be used.
Warn: CopyFromIndexComponent: Entries for the key 'P:System.Data.SqlClient.SqlCommandBuilder.QuoteSuffix' occur in both 'C:\WINDOWS\Microsoft.NET\Framework\v2.0.50727\System.Data.SqlClient.xml' and 'C:\WINDOWS\Microsoft.NET\Framework\v2.0.50727\System.Data.xml'. The last entry will be used.
Warn: CopyFromIndexComponent: Entries for the key 'T:System.Data.SqlClient.SqlConnection' occur in both 'C:\WINDOWS\Microsoft.NET\Framework\v2.0.50727\System.Data.SqlClient.xml' and 'C:\WINDOWS\Microsoft.NET\Framework\v2.0.50727\System.Data.xml'. The last entry will be used.
Warn: CopyFromIndexComponent: Entries for the key 'M:System.Data.SqlClient.SqlConnection.#ctor' occur in both 'C:\WINDOWS\Microsoft.NET\Framework\v2.0.50727\System.Data.SqlClient.xml' and 'C:\WINDOWS\Microsoft.NET\Framework\v2.0.50727\System.Data.xml'. The last entry will be used.
Warn: CopyFromIndexComponent: Entries for the key 'M:System.Data.SqlClient.SqlConnection.#ctor(System.String)' occur in both 'C:\WINDOWS\Microsoft.NET\Framework\v2.0.50727\System.Data.SqlClient.xml' and 'C:\WINDOWS\Microsoft.NET\Framework\v2.0.50727\System.Data.xml'. The last entry will be used.
Warn: CopyFromIndexComponent: Entries for the key 'E:System.Data.SqlClient.SqlConnection.InfoMessage' occur in both 'C:\WINDOWS\Microsoft.NET\Framework\v2.0.50727\System.Data.SqlClient.xml' and 'C:\WINDOWS\Microsoft.NET\Framework\v2.0.50727\System.Data.xml'. The last entry will be used.
Warn: CopyFromIndexComponent: Entries for the key 'M:System.Data.SqlClient.SqlConnection.BeginTransaction' occur in both 'C:\WINDOWS\Microsoft.NET\Framework\v2.0.50727\System.Data.SqlClient.xml' and 'C:\WINDOWS\Microsoft.NET\Framework\v2.0.50727\System.Data.xml'. The last entry will be used.
Warn: CopyFromIndexComponent: Entries for the key 'M:System.Data.SqlClient.SqlConnection.BeginTransaction(System.Data.IsolationLevel)' occur in both 'C:\WINDOWS\Microsoft.NET\Framework\v2.0.50727\System.Data.SqlClient.xml' and 'C:\WINDOWS\Microsoft.NET\Framework\v2.0.50727\System.Data.xml'. The last entry will be used.
Warn: CopyFromIndexComponent: Entries for the key 'M:System.Data.SqlClient.SqlConnection.BeginTransaction(System.String)' occur in both 'C:\WINDOWS\Microsoft.NET\Framework\v2.0.50727\System.Data.SqlClient.xml' and 'C:\WINDOWS\Microsoft.NET\Framework\v2.0.50727\System.Data.xml'. The last entry will be used.
Warn: CopyFromIndexComponent: Entries for the key 'M:System.Data.SqlClient.SqlConnection.BeginTransaction(System.Data.IsolationLevel,System.String)' occur in both 'C:\WINDOWS\Microsoft.NET\Framework\v2.0.50727\System.Data.SqlClient.xml' and 'C:\WINDOWS\Microsoft.NET\Framework\v2.0.50727\System.Data.xml'. The last entry will be used.
Warn: CopyFromIndexComponent: Entries for the key 'M:System.Data.SqlClient.SqlConnection.ChangeDatabase(System.String)' occur in both 'C:\WINDOWS\Microsoft.NET\Framework\v2.0.50727\System.Data.SqlClient.xml' and 'C:\WINDOWS\Microsoft.NET\Framework\v2.0.50727\System.Data.xml'. The last entry will be used.
Warn: CopyFromIndexComponent: Entries for the key 'M:System.Data.SqlClient.SqlConnection.Close' occur in both 'C:\WINDOWS\Microsoft.NET\Framework\v2.0.50727\System.Data.SqlClient.xml' and 'C:\WINDOWS\Microsoft.NET\Framework\v2.0.50727\System.Data.xml'. The last entry will be used.
Warn: CopyFromIndexComponent: Entries for the key 'M:System.Data.SqlClient.SqlConnection.CreateCommand' occur in both 'C:\WINDOWS\Microsoft.NET\Framework\v2.0.50727\System.Data.SqlClient.xml' and 'C:\WINDOWS\Microsoft.NET\Framework\v2.0.50727\System.Data.xml'. The last entry will be used.
Warn: CopyFromIndexComponent: Entries for the key 'M:System.Data.SqlClient.SqlConnection.Open' occur in both 'C:\WINDOWS\Microsoft.NET\Framework\v2.0.50727\System.Data.SqlClient.xml' and 'C:\WINDOWS\Microsoft.NET\Framework\v2.0.50727\System.Data.xml'. The last entry will be used.
Warn: CopyFromIndexComponent: Entries for the key 'M:System.Data.SqlClient.SqlConnection.System.ICloneable.Clone' occur in both 'C:\WINDOWS\Microsoft.NET\Framework\v2.0.50727\System.Data.SqlClient.xml' and 'C:\WINDOWS\Microsoft.NET\Framework\v2.0.50727\System.Data.xml'. The last entry will be used.
Warn: CopyFromIndexComponent: Entries for the key 'P:System.Data.SqlClient.SqlConnection.ConnectionString' occur in both 'C:\WINDOWS\Microsoft.NET\Framework\v2.0.50727\System.Data.SqlClient.xml' and 'C:\WINDOWS\Microsoft.NET\Framework\v2.0.50727\System.Data.xml'. The last entry will be used.
Warn: CopyFromIndexComponent: Entries for the key 'P:System.Data.SqlClient.SqlConnection.ConnectionTimeout' occur in both 'C:\WINDOWS\Microsoft.NET\Framework\v2.0.50727\System.Data.SqlClient.xml' and 'C:\WINDOWS\Microsoft.NET\Framework\v2.0.50727\System.Data.xml'. The last entry will be used.
Warn: CopyFromIndexComponent: Entries for the key 'P:System.Data.SqlClient.SqlConnection.Database' occur in both 'C:\WINDOWS\Microsoft.NET\Framework\v2.0.50727\System.Data.SqlClient.xml' and 'C:\WINDOWS\Microsoft.NET\Framework\v2.0.50727\System.Data.xml'. The last entry will be used.
Warn: CopyFromIndexComponent: Entries for the key 'P:System.Data.SqlClient.SqlConnection.DataSource' occur in both 'C:\WINDOWS\Microsoft.NET\Framework\v2.0.50727\System.Data.SqlClient.xml' and 'C:\WINDOWS\Microsoft.NET\Framework\v2.0.50727\System.Data.xml'. The last entry will be used.
Warn: CopyFromIndexComponent: Entries for the key 'P:System.Data.SqlClient.SqlConnection.PacketSize' occur in both 'C:\WINDOWS\Microsoft.NET\Framework\v2.0.50727\System.Data.SqlClient.xml' and 'C:\WINDOWS\Microsoft.NET\Framework\v2.0.50727\System.Data.xml'. The last entry will be used.
Warn: CopyFromIndexComponent: Entries for the key 'P:System.Data.SqlClient.SqlConnection.ServerVersion' occur in both 'C:\WINDOWS\Microsoft.NET\Framework\v2.0.50727\System.Data.SqlClient.xml' and 'C:\WINDOWS\Microsoft.NET\Framework\v2.0.50727\System.Data.xml'. The last entry will be used.
Warn: CopyFromIndexComponent: Entries for the key 'P:System.Data.SqlClient.SqlConnection.State' occur in both 'C:\WINDOWS\Microsoft.NET\Framework\v2.0.50727\System.Data.SqlClient.xml' and 'C:\WINDOWS\Microsoft.NET\Framework\v2.0.50727\System.Data.xml'. The last entry will be used.
Warn: CopyFromIndexComponent: Entries for the key 'P:System.Data.SqlClient.SqlConnection.WorkstationId' occur in both 'C:\WINDOWS\Microsoft.NET\Framework\v2.0.50727\System.Data.SqlClient.xml' and 'C:\WINDOWS\Microsoft.NET\Framework\v2.0.50727\System.Data.xml'. The last entry will be used.
Warn: CopyFromIndexComponent: Entries for the key 'T:System.Data.SqlClient.SqlDataAdapter' occur in both 'C:\WINDOWS\Microsoft.NET\Framework\v2.0.50727\System.Data.SqlClient.xml' and 'C:\WINDOWS\Microsoft.NET\Framework\v2.0.50727\System.Data.xml'. The last entry will be used.
Warn: CopyFromIndexComponent: Entries for the key 'M:System.Data.SqlClient.SqlDataAdapter.#ctor' occur in both 'C:\WINDOWS\Microsoft.NET\Framework\v2.0.50727\System.Data.SqlClient.xml' and 'C:\WINDOWS\Microsoft.NET\Framework\v2.0.50727\System.Data.xml'. The last entry will be used.
Warn: CopyFromIndexComponent: Entries for the key 'M:System.Data.SqlClient.SqlDataAdapter.#ctor(System.Data.SqlClient.SqlCommand)' occur in both 'C:\WINDOWS\Microsoft.NET\Framework\v2.0.50727\System.Data.SqlClient.xml' and 'C:\WINDOWS\Microsoft.NET\Framework\v2.0.50727\System.Data.xml'. The last entry will be used.
Warn: CopyFromIndexComponent: Entries for the key 'M:System.Data.SqlClient.SqlDataAdapter.#ctor(System.String,System.Data.SqlClient.SqlConnection)' occur in both 'C:\WINDOWS\Microsoft.NET\Framework\v2.0.50727\System.Data.SqlClient.xml' and 'C:\WINDOWS\Microsoft.NET\Framework\v2.0.50727\System.Data.xml'. The last entry will be used.
Warn: CopyFromIndexComponent: Entries for the key 'M:System.Data.SqlClient.SqlDataAdapter.#ctor(System.String,System.String)' occur in both 'C:\WINDOWS\Microsoft.NET\Framework\v2.0.50727\System.Data.SqlClient.xml' and 'C:\WINDOWS\Microsoft.NET\Framework\v2.0.50727\System.Data.xml'. The last entry will be used.
Warn: CopyFromIndexComponent: Entries for the key 'E:System.Data.SqlClient.SqlDataAdapter.RowUpdated' occur in both 'C:\WINDOWS\Microsoft.NET\Framework\v2.0.50727\System.Data.SqlClient.xml' and 'C:\WINDOWS\Microsoft.NET\Framework\v2.0.50727\System.Data.xml'. The last entry will be used.
Warn: CopyFromIndexComponent: Entries for the key 'E:System.Data.SqlClient.SqlDataAdapter.RowUpdating' occur in both 'C:\WINDOWS\Microsoft.NET\Framework\v2.0.50727\System.Data.SqlClient.xml' and 'C:\WINDOWS\Microsoft.NET\Framework\v2.0.50727\System.Data.xml'. The last entry will be used.
Warn: CopyFromIndexComponent: Entries for the key 'P:System.Data.SqlClient.SqlDataAdapter.DeleteCommand' occur in both 'C:\WINDOWS\Microsoft.NET\Framework\v2.0.50727\System.Data.SqlClient.xml' and 'C:\WINDOWS\Microsoft.NET\Framework\v2.0.50727\System.Data.xml'. The last entry will be used.
Warn: CopyFromIndexComponent: Entries for the key 'P:System.Data.SqlClient.SqlDataAdapter.InsertCommand' occur in both 'C:\WINDOWS\Microsoft.NET\Framework\v2.0.50727\System.Data.SqlClient.xml' and 'C:\WINDOWS\Microsoft.NET\Framework\v2.0.50727\System.Data.xml'. The last entry will be used.
Warn: CopyFromIndexComponent: Entries for the key 'P:System.Data.SqlClient.SqlDataAdapter.SelectCommand' occur in both 'C:\WINDOWS\Microsoft.NET\Framework\v2.0.50727\System.Data.SqlClient.xml' and 'C:\WINDOWS\Microsoft.NET\Framework\v2.0.50727\System.Data.xml'. The last entry will be used.
Warn: CopyFromIndexComponent: Entries for the key 'P:System.Data.SqlClient.SqlDataAdapter.System.Data.IDbDataAdapter.DeleteCommand' occur in both 'C:\WINDOWS\Microsoft.NET\Framework\v2.0.50727\System.Data.SqlClient.xml' and 'C:\WINDOWS\Microsoft.NET\Framework\v2.0.50727\System.Data.xml'. The last entry will be used.
Warn: CopyFromIndexComponent: Entries for the key 'P:System.Data.SqlClient.SqlDataAdapter.System.Data.IDbDataAdapter.InsertCommand' occur in both 'C:\WINDOWS\Microsoft.NET\Framework\v2.0.50727\System.Data.SqlClient.xml' and 'C:\WINDOWS\Microsoft.NET\Framework\v2.0.50727\System.Data.xml'. The last entry will be used.
Warn: CopyFromIndexComponent: Entries for the key 'P:System.Data.SqlClient.SqlDataAdapter.System.Data.IDbDataAdapter.SelectCommand' occur in both 'C:\WINDOWS\Microsoft.NET\Framework\v2.0.50727\System.Data.SqlClient.xml' and 'C:\WINDOWS\Microsoft.NET\Framework\v2.0.50727\System.Data.xml'. The last entry will be used.
Warn: CopyFromIndexComponent: Entries for the key 'P:System.Data.SqlClient.SqlDataAdapter.System.Data.IDbDataAdapter.UpdateCommand' occur in both 'C:\WINDOWS\Microsoft.NET\Framework\v2.0.50727\System.Data.SqlClient.xml' and 'C:\WINDOWS\Microsoft.NET\Framework\v2.0.50727\System.Data.xml'. The last entry will be used.
Warn: CopyFromIndexComponent: Entries for the key 'P:System.Data.SqlClient.SqlDataAdapter.UpdateCommand' occur in both 'C:\WINDOWS\Microsoft.NET\Framework\v2.0.50727\System.Data.SqlClient.xml' and 'C:\WINDOWS\Microsoft.NET\Framework\v2.0.50727\System.Data.xml'. The last entry will be used.
Warn: CopyFromIndexComponent: Entries for the key 'T:System.Data.SqlClient.SqlDataReader' occur in both 'C:\WINDOWS\Microsoft.NET\Framework\v2.0.50727\System.Data.SqlClient.xml' and 'C:\WINDOWS\Microsoft.NET\Framework\v2.0.50727\System.Data.xml'. The last entry will be used.
Warn: CopyFromIndexComponent: Entries for the key 'M:System.Data.SqlClient.SqlDataReader.Close' occur in both 'C:\WINDOWS\Microsoft.NET\Framework\v2.0.50727\System.Data.SqlClient.xml' and 'C:\WINDOWS\Microsoft.NET\Framework\v2.0.50727\System.Data.xml'. The last entry will be used.
Warn: CopyFromIndexComponent: Entries for the key 'M:System.Data.SqlClient.SqlDataReader.GetBoolean(System.Int32)' occur in both 'C:\WINDOWS\Microsoft.NET\Framework\v2.0.50727\System.Data.SqlClient.xml' and 'C:\WINDOWS\Microsoft.NET\Framework\v2.0.50727\System.Data.xml'. The last entry will be used.
Warn: CopyFromIndexComponent: Entries for the key 'M:System.Data.SqlClient.SqlDataReader.GetByte(System.Int32)' occur in both 'C:\WINDOWS\Microsoft.NET\Framework\v2.0.50727\System.Data.SqlClient.xml' and 'C:\WINDOWS\Microsoft.NET\Framework\v2.0.50727\System.Data.xml'. The last entry will be used.
Warn: CopyFromIndexComponent: Entries for the key 'M:System.Data.SqlClient.SqlDataReader.GetBytes(System.Int32,System.Int64,System.Byte[],System.Int32,System.Int32)' occur in both 'C:\WINDOWS\Microsoft.NET\Framework\v2.0.50727\System.Data.SqlClient.xml' and 'C:\WINDOWS\Microsoft.NET\Framework\v2.0.50727\System.Data.xml'. The last entry will be used.
Warn: CopyFromIndexComponent: Entries for the key 'M:System.Data.SqlClient.SqlDataReader.GetChar(System.Int32)' occur in both 'C:\WINDOWS\Microsoft.NET\Framework\v2.0.50727\System.Data.SqlClient.xml' and 'C:\WINDOWS\Microsoft.NET\Framework\v2.0.50727\System.Data.xml'. The last entry will be used.
Warn: CopyFromIndexComponent: Entries for the key 'M:System.Data.SqlClient.SqlDataReader.GetChars(System.Int32,System.Int64,System.Char[],System.Int32,System.Int32)' occur in both 'C:\WINDOWS\Microsoft.NET\Framework\v2.0.50727\System.Data.SqlClient.xml' and 'C:\WINDOWS\Microsoft.NET\Framework\v2.0.50727\System.Data.xml'. The last entry will be used.
Warn: CopyFromIndexComponent: Entries for the key 'M:System.Data.SqlClient.SqlDataReader.GetDataTypeName(System.Int32)' occur in both 'C:\WINDOWS\Microsoft.NET\Framework\v2.0.50727\System.Data.SqlClient.xml' and 'C:\WINDOWS\Microsoft.NET\Framework\v2.0.50727\System.Data.xml'. The last entry will be used.
Warn: CopyFromIndexComponent: Entries for the key 'M:System.Data.SqlClient.SqlDataReader.GetDateTime(System.Int32)' occur in both 'C:\WINDOWS\Microsoft.NET\Framework\v2.0.50727\System.Data.SqlClient.xml' and 'C:\WINDOWS\Microsoft.NET\Framework\v2.0.50727\System.Data.xml'. The last entry will be used.
Warn: CopyFromIndexComponent: Entries for the key 'M:System.Data.SqlClient.SqlDataReader.GetDecimal(System.Int32)' occur in both 'C:\WINDOWS\Microsoft.NET\Framework\v2.0.50727\System.Data.SqlClient.xml' and 'C:\WINDOWS\Microsoft.NET\Framework\v2.0.50727\System.Data.xml'. The last entry will be used.
Warn: CopyFromIndexComponent: Entries for the key 'M:System.Data.SqlClient.SqlDataReader.GetDouble(System.Int32)' occur in both 'C:\WINDOWS\Microsoft.NET\Framework\v2.0.50727\System.Data.SqlClient.xml' and 'C:\WINDOWS\Microsoft.NET\Framework\v2.0.50727\System.Data.xml'. The last entry will be used.
Warn: CopyFromIndexComponent: Entries for the key 'M:System.Data.SqlClient.SqlDataReader.GetFieldType(System.Int32)' occur in both 'C:\WINDOWS\Microsoft.NET\Framework\v2.0.50727\System.Data.SqlClient.xml' and 'C:\WINDOWS\Microsoft.NET\Framework\v2.0.50727\System.Data.xml'. The last entry will be used.
Warn: CopyFromIndexComponent: Entries for the key 'M:System.Data.SqlClient.SqlDataReader.GetFloat(System.Int32)' occur in both 'C:\WINDOWS\Microsoft.NET\Framework\v2.0.50727\System.Data.SqlClient.xml' and 'C:\WINDOWS\Microsoft.NET\Framework\v2.0.50727\System.Data.xml'. The last entry will be used.
Warn: CopyFromIndexComponent: Entries for the key 'M:System.Data.SqlClient.SqlDataReader.GetGuid(System.Int32)' occur in both 'C:\WINDOWS\Microsoft.NET\Framework\v2.0.50727\System.Data.SqlClient.xml' and 'C:\WINDOWS\Microsoft.NET\Framework\v2.0.50727\System.Data.xml'. The last entry will be used.
Warn: CopyFromIndexComponent: Entries for the key 'M:System.Data.SqlClient.SqlDataReader.GetInt16(System.Int32)' occur in both 'C:\WINDOWS\Microsoft.NET\Framework\v2.0.50727\System.Data.SqlClient.xml' and 'C:\WINDOWS\Microsoft.NET\Framework\v2.0.50727\System.Data.xml'. The last entry will be used.
Warn: CopyFromIndexComponent: Entries for the key 'M:System.Data.SqlClient.SqlDataReader.GetInt32(System.Int32)' occur in both 'C:\WINDOWS\Microsoft.NET\Framework\v2.0.50727\System.Data.SqlClient.xml' and 'C:\WINDOWS\Microsoft.NET\Framework\v2.0.50727\System.Data.xml'. The last entry will be used.
Warn: CopyFromIndexComponent: Entries for the key 'M:System.Data.SqlClient.SqlDataReader.GetInt64(System.Int32)' occur in both 'C:\WINDOWS\Microsoft.NET\Framework\v2.0.50727\System.Data.SqlClient.xml' and 'C:\WINDOWS\Microsoft.NET\Framework\v2.0.50727\System.Data.xml'. The last entry will be used.
Warn: CopyFromIndexComponent: Entries for the key 'M:System.Data.SqlClient.SqlDataReader.GetName(System.Int32)' occur in both 'C:\WINDOWS\Microsoft.NET\Framework\v2.0.50727\System.Data.SqlClient.xml' and 'C:\WINDOWS\Microsoft.NET\Framework\v2.0.50727\System.Data.xml'. The last entry will be used.
Warn: CopyFromIndexComponent: Entries for the key 'M:System.Data.SqlClient.SqlDataReader.GetOrdinal(System.String)' occur in both 'C:\WINDOWS\Microsoft.NET\Framework\v2.0.50727\System.Data.SqlClient.xml' and 'C:\WINDOWS\Microsoft.NET\Framework\v2.0.50727\System.Data.xml'. The last entry will be used.
Warn: CopyFromIndexComponent: Entries for the key 'M:System.Data.SqlClient.SqlDataReader.GetSchemaTable' occur in both 'C:\WINDOWS\Microsoft.NET\Framework\v2.0.50727\System.Data.SqlClient.xml' and 'C:\WINDOWS\Microsoft.NET\Framework\v2.0.50727\System.Data.xml'. The last entry will be used.
Warn: CopyFromIndexComponent: Entries for the key 'M:System.Data.SqlClient.SqlDataReader.GetSqlBinary(System.Int32)' occur in both 'C:\WINDOWS\Microsoft.NET\Framework\v2.0.50727\System.Data.SqlClient.xml' and 'C:\WINDOWS\Microsoft.NET\Framework\v2.0.50727\System.Data.xml'. The last entry will be used.
Warn: CopyFromIndexComponent: Entries for the key 'M:System.Data.SqlClient.SqlDataReader.GetSqlBoolean(System.Int32)' occur in both 'C:\WINDOWS\Microsoft.NET\Framework\v2.0.50727\System.Data.SqlClient.xml' and 'C:\WINDOWS\Microsoft.NET\Framework\v2.0.50727\System.Data.xml'. The last entry will be used.
Warn: CopyFromIndexComponent: Entries for the key 'M:System.Data.SqlClient.SqlDataReader.GetSqlByte(System.Int32)' occur in both 'C:\WINDOWS\Microsoft.NET\Framework\v2.0.50727\System.Data.SqlClient.xml' and 'C:\WINDOWS\Microsoft.NET\Framework\v2.0.50727\System.Data.xml'. The last entry will be used.
Warn: CopyFromIndexComponent: Entries for the key 'M:System.Data.SqlClient.SqlDataReader.GetSqlDateTime(System.Int32)' occur in both 'C:\WINDOWS\Microsoft.NET\Framework\v2.0.50727\System.Data.SqlClient.xml' and 'C:\WINDOWS\Microsoft.NET\Framework\v2.0.50727\System.Data.xml'. The last entry will be used.
Warn: CopyFromIndexComponent: Entries for the key 'M:System.Data.SqlClient.SqlDataReader.GetSqlDecimal(System.Int32)' occur in both 'C:\WINDOWS\Microsoft.NET\Framework\v2.0.50727\System.Data.SqlClient.xml' and 'C:\WINDOWS\Microsoft.NET\Framework\v2.0.50727\System.Data.xml'. The last entry will be used.
Warn: CopyFromIndexComponent: Entries for the key 'M:System.Data.SqlClient.SqlDataReader.GetSqlDouble(System.Int32)' occur in both 'C:\WINDOWS\Microsoft.NET\Framework\v2.0.50727\System.Data.SqlClient.xml' and 'C:\WINDOWS\Microsoft.NET\Framework\v2.0.50727\System.Data.xml'. The last entry will be used.
Warn: CopyFromIndexComponent: Entries for the key 'M:System.Data.SqlClient.SqlDataReader.GetSqlGuid(System.Int32)' occur in both 'C:\WINDOWS\Microsoft.NET\Framework\v2.0.50727\System.Data.SqlClient.xml' and 'C:\WINDOWS\Microsoft.NET\Framework\v2.0.50727\System.Data.xml'. The last entry will be used.
Warn: CopyFromIndexComponent: Entries for the key 'M:System.Data.SqlClient.SqlDataReader.GetSqlInt16(System.Int32)' occur in both 'C:\WINDOWS\Microsoft.NET\Framework\v2.0.50727\System.Data.SqlClient.xml' and 'C:\WINDOWS\Microsoft.NET\Framework\v2.0.50727\System.Data.xml'. The last entry will be used.
Warn: CopyFromIndexComponent: Entries for the key 'M:System.Data.SqlClient.SqlDataReader.GetSqlInt32(System.Int32)' occur in both 'C:\WINDOWS\Microsoft.NET\Framework\v2.0.50727\System.Data.SqlClient.xml' and 'C:\WINDOWS\Microsoft.NET\Framework\v2.0.50727\System.Data.xml'. The last entry will be used.
Warn: CopyFromIndexComponent: Entries for the key 'M:System.Data.SqlClient.SqlDataReader.GetSqlInt64(System.Int32)' occur in both 'C:\WINDOWS\Microsoft.NET\Framework\v2.0.50727\System.Data.SqlClient.xml' and 'C:\WINDOWS\Microsoft.NET\Framework\v2.0.50727\System.Data.xml'. The last entry will be used.
Warn: CopyFromIndexComponent: Entries for the key 'M:System.Data.SqlClient.SqlDataReader.GetSqlMoney(System.Int32)' occur in both 'C:\WINDOWS\Microsoft.NET\Framework\v2.0.50727\System.Data.SqlClient.xml' and 'C:\WINDOWS\Microsoft.NET\Framework\v2.0.50727\System.Data.xml'. The last entry will be used.
Warn: CopyFromIndexComponent: Entries for the key 'M:System.Data.SqlClient.SqlDataReader.GetSqlSingle(System.Int32)' occur in both 'C:\WINDOWS\Microsoft.NET\Framework\v2.0.50727\System.Data.SqlClient.xml' and 'C:\WINDOWS\Microsoft.NET\Framework\v2.0.50727\System.Data.xml'. The last entry will be used.
Warn: CopyFromIndexComponent: Entries for the key 'M:System.Data.SqlClient.SqlDataReader.GetSqlString(System.Int32)' occur in both 'C:\WINDOWS\Microsoft.NET\Framework\v2.0.50727\System.Data.SqlClient.xml' and 'C:\WINDOWS\Microsoft.NET\Framework\v2.0.50727\System.Data.xml'. The last entry will be used.
Warn: CopyFromIndexComponent: Entries for the key 'M:System.Data.SqlClient.SqlDataReader.GetSqlValue(System.Int32)' occur in both 'C:\WINDOWS\Microsoft.NET\Framework\v2.0.50727\System.Data.SqlClient.xml' and 'C:\WINDOWS\Microsoft.NET\Framework\v2.0.50727\System.Data.xml'. The last entry will be used.
Warn: CopyFromIndexComponent: Entries for the key 'M:System.Data.SqlClient.SqlDataReader.GetSqlValues(System.Object[])' occur in both 'C:\WINDOWS\Microsoft.NET\Framework\v2.0.50727\System.Data.SqlClient.xml' and 'C:\WINDOWS\Microsoft.NET\Framework\v2.0.50727\System.Data.xml'. The last entry will be used.
Warn: CopyFromIndexComponent: Entries for the key 'M:System.Data.SqlClient.SqlDataReader.GetString(System.Int32)' occur in both 'C:\WINDOWS\Microsoft.NET\Framework\v2.0.50727\System.Data.SqlClient.xml' and 'C:\WINDOWS\Microsoft.NET\Framework\v2.0.50727\System.Data.xml'. The last entry will be used.
Warn: CopyFromIndexComponent: Entries for the key 'M:System.Data.SqlClient.SqlDataReader.GetValue(System.Int32)' occur in both 'C:\WINDOWS\Microsoft.NET\Framework\v2.0.50727\System.Data.SqlClient.xml' and 'C:\WINDOWS\Microsoft.NET\Framework\v2.0.50727\System.Data.xml'. The last entry will be used.
Warn: CopyFromIndexComponent: Entries for the key 'M:System.Data.SqlClient.SqlDataReader.GetValues(System.Object[])' occur in both 'C:\WINDOWS\Microsoft.NET\Framework\v2.0.50727\System.Data.SqlClient.xml' and 'C:\WINDOWS\Microsoft.NET\Framework\v2.0.50727\System.Data.xml'. The last entry will be used.
Warn: CopyFromIndexComponent: Entries for the key 'M:System.Data.SqlClient.SqlDataReader.IsDBNull(System.Int32)' occur in both 'C:\WINDOWS\Microsoft.NET\Framework\v2.0.50727\System.Data.SqlClient.xml' and 'C:\WINDOWS\Microsoft.NET\Framework\v2.0.50727\System.Data.xml'. The last entry will be used.
Warn: CopyFromIndexComponent: Entries for the key 'M:System.Data.SqlClient.SqlDataReader.NextResult' occur in both 'C:\WINDOWS\Microsoft.NET\Framework\v2.0.50727\System.Data.SqlClient.xml' and 'C:\WINDOWS\Microsoft.NET\Framework\v2.0.50727\System.Data.xml'. The last entry will be used.
Warn: CopyFromIndexComponent: Entries for the key 'M:System.Data.SqlClient.SqlDataReader.Read' occur in both 'C:\WINDOWS\Microsoft.NET\Framework\v2.0.50727\System.Data.SqlClient.xml' and 'C:\WINDOWS\Microsoft.NET\Framework\v2.0.50727\System.Data.xml'. The last entry will be used.
Warn: CopyFromIndexComponent: Entries for the key 'P:System.Data.SqlClient.SqlDataReader.Depth' occur in both 'C:\WINDOWS\Microsoft.NET\Framework\v2.0.50727\System.Data.SqlClient.xml' and 'C:\WINDOWS\Microsoft.NET\Framework\v2.0.50727\System.Data.xml'. The last entry will be used.
Warn: CopyFromIndexComponent: Entries for the key 'P:System.Data.SqlClient.SqlDataReader.FieldCount' occur in both 'C:\WINDOWS\Microsoft.NET\Framework\v2.0.50727\System.Data.SqlClient.xml' and 'C:\WINDOWS\Microsoft.NET\Framework\v2.0.50727\System.Data.xml'. The last entry will be used.
Warn: CopyFromIndexComponent: Entries for the key 'P:System.Data.SqlClient.SqlDataReader.IsClosed' occur in both 'C:\WINDOWS\Microsoft.NET\Framework\v2.0.50727\System.Data.SqlClient.xml' and 'C:\WINDOWS\Microsoft.NET\Framework\v2.0.50727\System.Data.xml'. The last entry will be used.
Warn: CopyFromIndexComponent: Entries for the key 'P:System.Data.SqlClient.SqlDataReader.Item(System.Int32)' occur in both 'C:\WINDOWS\Microsoft.NET\Framework\v2.0.50727\System.Data.SqlClient.xml' and 'C:\WINDOWS\Microsoft.NET\Framework\v2.0.50727\System.Data.xml'. The last entry will be used.
Warn: CopyFromIndexComponent: Entries for the key 'P:System.Data.SqlClient.SqlDataReader.Item(System.String)' occur in both 'C:\WINDOWS\Microsoft.NET\Framework\v2.0.50727\System.Data.SqlClient.xml' and 'C:\WINDOWS\Microsoft.NET\Framework\v2.0.50727\System.Data.xml'. The last entry will be used.
Warn: CopyFromIndexComponent: Entries for the key 'P:System.Data.SqlClient.SqlDataReader.RecordsAffected' occur in both 'C:\WINDOWS\Microsoft.NET\Framework\v2.0.50727\System.Data.SqlClient.xml' and 'C:\WINDOWS\Microsoft.NET\Framework\v2.0.50727\System.Data.xml'. The last entry will be used.
Warn: CopyFromIndexComponent: Entries for the key 'T:System.Data.SqlClient.SqlError' occur in both 'C:\WINDOWS\Microsoft.NET\Framework\v2.0.50727\System.Data.SqlClient.xml' and 'C:\WINDOWS\Microsoft.NET\Framework\v2.0.50727\System.Data.xml'. The last entry will be used.
Warn: CopyFromIndexComponent: Entries for the key 'M:System.Data.SqlClient.SqlError.ToString' occur in both 'C:\WINDOWS\Microsoft.NET\Framework\v2.0.50727\System.Data.SqlClient.xml' and 'C:\WINDOWS\Microsoft.NET\Framework\v2.0.50727\System.Data.xml'. The last entry will be used.
Warn: CopyFromIndexComponent: Entries for the key 'P:System.Data.SqlClient.SqlError.Class' occur in both 'C:\WINDOWS\Microsoft.NET\Framework\v2.0.50727\System.Data.SqlClient.xml' and 'C:\WINDOWS\Microsoft.NET\Framework\v2.0.50727\System.Data.xml'. The last entry will be used.
Warn: CopyFromIndexComponent: Entries for the key 'P:System.Data.SqlClient.SqlError.LineNumber' occur in both 'C:\WINDOWS\Microsoft.NET\Framework\v2.0.50727\System.Data.SqlClient.xml' and 'C:\WINDOWS\Microsoft.NET\Framework\v2.0.50727\System.Data.xml'. The last entry will be used.
Warn: CopyFromIndexComponent: Entries for the key 'P:System.Data.SqlClient.SqlError.Message' occur in both 'C:\WINDOWS\Microsoft.NET\Framework\v2.0.50727\System.Data.SqlClient.xml' and 'C:\WINDOWS\Microsoft.NET\Framework\v2.0.50727\System.Data.xml'. The last entry will be used.
Warn: CopyFromIndexComponent: Entries for the key 'P:System.Data.SqlClient.SqlError.Number' occur in both 'C:\WINDOWS\Microsoft.NET\Framework\v2.0.50727\System.Data.SqlClient.xml' and 'C:\WINDOWS\Microsoft.NET\Framework\v2.0.50727\System.Data.xml'. The last entry will be used.
Warn: CopyFromIndexComponent: Entries for the key 'P:System.Data.SqlClient.SqlError.Procedure' occur in both 'C:\WINDOWS\Microsoft.NET\Framework\v2.0.50727\System.Data.SqlClient.xml' and 'C:\WINDOWS\Microsoft.NET\Framework\v2.0.50727\System.Data.xml'. The last entry will be used.
Warn: CopyFromIndexComponent: Entries for the key 'P:System.Data.SqlClient.SqlError.Server' occur in both 'C:\WINDOWS\Microsoft.NET\Framework\v2.0.50727\System.Data.SqlClient.xml' and 'C:\WINDOWS\Microsoft.NET\Framework\v2.0.50727\System.Data.xml'. The last entry will be used.
Warn: CopyFromIndexComponent: Entries for the key 'P:System.Data.SqlClient.SqlError.Source' occur in both 'C:\WINDOWS\Microsoft.NET\Framework\v2.0.50727\System.Data.SqlClient.xml' and 'C:\WINDOWS\Microsoft.NET\Framework\v2.0.50727\System.Data.xml'. The last entry will be used.
Warn: CopyFromIndexComponent: Entries for the key 'P:System.Data.SqlClient.SqlError.State' occur in both 'C:\WINDOWS\Microsoft.NET\Framework\v2.0.50727\System.Data.SqlClient.xml' and 'C:\WINDOWS\Microsoft.NET\Framework\v2.0.50727\System.Data.xml'. The last entry will be used.
Warn: CopyFromIndexComponent: Entries for the key 'T:System.Data.SqlClient.SqlErrorCollection' occur in both 'C:\WINDOWS\Microsoft.NET\Framework\v2.0.50727\System.Data.SqlClient.xml' and 'C:\WINDOWS\Microsoft.NET\Framework\v2.0.50727\System.Data.xml'. The last entry will be used.
Warn: CopyFromIndexComponent: Entries for the key 'M:System.Data.SqlClient.SqlErrorCollection.CopyTo(System.Array,System.Int32)' occur in both 'C:\WINDOWS\Microsoft.NET\Framework\v2.0.50727\System.Data.SqlClient.xml' and 'C:\WINDOWS\Microsoft.NET\Framework\v2.0.50727\System.Data.xml'. The last entry will be used.
Warn: CopyFromIndexComponent: Entries for the key 'M:System.Data.SqlClient.SqlErrorCollection.GetEnumerator' occur in both 'C:\WINDOWS\Microsoft.NET\Framework\v2.0.50727\System.Data.SqlClient.xml' and 'C:\WINDOWS\Microsoft.NET\Framework\v2.0.50727\System.Data.xml'. The last entry will be used.
Warn: CopyFromIndexComponent: Entries for the key 'P:System.Data.SqlClient.SqlErrorCollection.Count' occur in both 'C:\WINDOWS\Microsoft.NET\Framework\v2.0.50727\System.Data.SqlClient.xml' and 'C:\WINDOWS\Microsoft.NET\Framework\v2.0.50727\System.Data.xml'. The last entry will be used.
Warn: CopyFromIndexComponent: Entries for the key 'P:System.Data.SqlClient.SqlErrorCollection.Item(System.Int32)' occur in both 'C:\WINDOWS\Microsoft.NET\Framework\v2.0.50727\System.Data.SqlClient.xml' and 'C:\WINDOWS\Microsoft.NET\Framework\v2.0.50727\System.Data.xml'. The last entry will be used.
Warn: CopyFromIndexComponent: Entries for the key 'P:System.Data.SqlClient.SqlErrorCollection.System.Collections.ICollection.IsSynchronized' occur in both 'C:\WINDOWS\Microsoft.NET\Framework\v2.0.50727\System.Data.SqlClient.xml' and 'C:\WINDOWS\Microsoft.NET\Framework\v2.0.50727\System.Data.xml'. The last entry will be used.
Warn: CopyFromIndexComponent: Entries for the key 'P:System.Data.SqlClient.SqlErrorCollection.System.Collections.ICollection.SyncRoot' occur in both 'C:\WINDOWS\Microsoft.NET\Framework\v2.0.50727\System.Data.SqlClient.xml' and 'C:\WINDOWS\Microsoft.NET\Framework\v2.0.50727\System.Data.xml'. The last entry will be used.
Warn: CopyFromIndexComponent: Entries for the key 'T:System.Data.SqlClient.SqlException' occur in both 'C:\WINDOWS\Microsoft.NET\Framework\v2.0.50727\System.Data.SqlClient.xml' and 'C:\WINDOWS\Microsoft.NET\Framework\v2.0.50727\System.Data.xml'. The last entry will be used.
Warn: CopyFromIndexComponent: Entries for the key 'P:System.Data.SqlClient.SqlException.Class' occur in both 'C:\WINDOWS\Microsoft.NET\Framework\v2.0.50727\System.Data.SqlClient.xml' and 'C:\WINDOWS\Microsoft.NET\Framework\v2.0.50727\System.Data.xml'. The last entry will be used.
Warn: CopyFromIndexComponent: Entries for the key 'P:System.Data.SqlClient.SqlException.Errors' occur in both 'C:\WINDOWS\Microsoft.NET\Framework\v2.0.50727\System.Data.SqlClient.xml' and 'C:\WINDOWS\Microsoft.NET\Framework\v2.0.50727\System.Data.xml'. The last entry will be used.
Warn: CopyFromIndexComponent: Entries for the key 'P:System.Data.SqlClient.SqlException.LineNumber' occur in both 'C:\WINDOWS\Microsoft.NET\Framework\v2.0.50727\System.Data.SqlClient.xml' and 'C:\WINDOWS\Microsoft.NET\Framework\v2.0.50727\System.Data.xml'. The last entry will be used.
Warn: CopyFromIndexComponent: Entries for the key 'P:System.Data.SqlClient.SqlException.Number' occur in both 'C:\WINDOWS\Microsoft.NET\Framework\v2.0.50727\System.Data.SqlClient.xml' and 'C:\WINDOWS\Microsoft.NET\Framework\v2.0.50727\System.Data.xml'. The last entry will be used.
Warn: CopyFromIndexComponent: Entries for the key 'P:System.Data.SqlClient.SqlException.Procedure' occur in both 'C:\WINDOWS\Microsoft.NET\Framework\v2.0.50727\System.Data.SqlClient.xml' and 'C:\WINDOWS\Microsoft.NET\Framework\v2.0.50727\System.Data.xml'. The last entry will be used.
Warn: CopyFromIndexComponent: Entries for the key 'P:System.Data.SqlClient.SqlException.Server' occur in both 'C:\WINDOWS\Microsoft.NET\Framework\v2.0.50727\System.Data.SqlClient.xml' and 'C:\WINDOWS\Microsoft.NET\Framework\v2.0.50727\System.Data.xml'. The last entry will be used.
Warn: CopyFromIndexComponent: Entries for the key 'P:System.Data.SqlClient.SqlException.Source' occur in both 'C:\WINDOWS\Microsoft.NET\Framework\v2.0.50727\System.Data.SqlClient.xml' and 'C:\WINDOWS\Microsoft.NET\Framework\v2.0.50727\System.Data.xml'. The last entry will be used.
Warn: CopyFromIndexComponent: Entries for the key 'P:System.Data.SqlClient.SqlException.State' occur in both 'C:\WINDOWS\Microsoft.NET\Framework\v2.0.50727\System.Data.SqlClient.xml' and 'C:\WINDOWS\Microsoft.NET\Framework\v2.0.50727\System.Data.xml'. The last entry will be used.
Warn: CopyFromIndexComponent: Entries for the key 'T:System.Data.SqlClient.SqlInfoMessageEventArgs' occur in both 'C:\WINDOWS\Microsoft.NET\Framework\v2.0.50727\System.Data.SqlClient.xml' and 'C:\WINDOWS\Microsoft.NET\Framework\v2.0.50727\System.Data.xml'. The last entry will be used.
Warn: CopyFromIndexComponent: Entries for the key 'M:System.Data.SqlClient.SqlInfoMessageEventArgs.ToString' occur in both 'C:\WINDOWS\Microsoft.NET\Framework\v2.0.50727\System.Data.SqlClient.xml' and 'C:\WINDOWS\Microsoft.NET\Framework\v2.0.50727\System.Data.xml'. The last entry will be used.
Warn: CopyFromIndexComponent: Entries for the key 'P:System.Data.SqlClient.SqlInfoMessageEventArgs.Errors' occur in both 'C:\WINDOWS\Microsoft.NET\Framework\v2.0.50727\System.Data.SqlClient.xml' and 'C:\WINDOWS\Microsoft.NET\Framework\v2.0.50727\System.Data.xml'. The last entry will be used.
Warn: CopyFromIndexComponent: Entries for the key 'P:System.Data.SqlClient.SqlInfoMessageEventArgs.Message' occur in both 'C:\WINDOWS\Microsoft.NET\Framework\v2.0.50727\System.Data.SqlClient.xml' and 'C:\WINDOWS\Microsoft.NET\Framework\v2.0.50727\System.Data.xml'. The last entry will be used.
Warn: CopyFromIndexComponent: Entries for the key 'P:System.Data.SqlClient.SqlInfoMessageEventArgs.Source' occur in both 'C:\WINDOWS\Microsoft.NET\Framework\v2.0.50727\System.Data.SqlClient.xml' and 'C:\WINDOWS\Microsoft.NET\Framework\v2.0.50727\System.Data.xml'. The last entry will be used.
Warn: CopyFromIndexComponent: Entries for the key 'T:System.Data.SqlClient.SqlInfoMessageEventHandler' occur in both 'C:\WINDOWS\Microsoft.NET\Framework\v2.0.50727\System.Data.SqlClient.xml' and 'C:\WINDOWS\Microsoft.NET\Framework\v2.0.50727\System.Data.xml'. The last entry will be used.
Warn: CopyFromIndexComponent: Entries for the key 'T:System.Data.SqlClient.SqlParameter' occur in both 'C:\WINDOWS\Microsoft.NET\Framework\v2.0.50727\System.Data.SqlClient.xml' and 'C:\WINDOWS\Microsoft.NET\Framework\v2.0.50727\System.Data.xml'. The last entry will be used.
Warn: CopyFromIndexComponent: Entries for the key 'M:System.Data.SqlClient.SqlParameter.#ctor' occur in both 'C:\WINDOWS\Microsoft.NET\Framework\v2.0.50727\System.Data.SqlClient.xml' and 'C:\WINDOWS\Microsoft.NET\Framework\v2.0.50727\System.Data.xml'. The last entry will be used.
Warn: CopyFromIndexComponent: Entries for the key 'M:System.Data.SqlClient.SqlParameter.#ctor(System.String,System.Object)' occur in both 'C:\WINDOWS\Microsoft.NET\Framework\v2.0.50727\System.Data.SqlClient.xml' and 'C:\WINDOWS\Microsoft.NET\Framework\v2.0.50727\System.Data.xml'. The last entry will be used.
Warn: CopyFromIndexComponent: Entries for the key 'M:System.Data.SqlClient.SqlParameter.#ctor(System.String,System.Data.SqlDbType)' occur in both 'C:\WINDOWS\Microsoft.NET\Framework\v2.0.50727\System.Data.SqlClient.xml' and 'C:\WINDOWS\Microsoft.NET\Framework\v2.0.50727\System.Data.xml'. The last entry will be used.
Warn: CopyFromIndexComponent: Entries for the key 'M:System.Data.SqlClient.SqlParameter.#ctor(System.String,System.Data.SqlDbType,System.Int32)' occur in both 'C:\WINDOWS\Microsoft.NET\Framework\v2.0.50727\System.Data.SqlClient.xml' and 'C:\WINDOWS\Microsoft.NET\Framework\v2.0.50727\System.Data.xml'. The last entry will be used.
Warn: CopyFromIndexComponent: Entries for the key 'M:System.Data.SqlClient.SqlParameter.#ctor(System.String,System.Data.SqlDbType,System.Int32,System.String)' occur in both 'C:\WINDOWS\Microsoft.NET\Framework\v2.0.50727\System.Data.SqlClient.xml' and 'C:\WINDOWS\Microsoft.NET\Framework\v2.0.50727\System.Data.xml'. The last entry will be used.
Warn: CopyFromIndexComponent: Entries for the key 'M:System.Data.SqlClient.SqlParameter.#ctor(System.String,System.Data.SqlDbType,System.Int32,System.Data.ParameterDirection,System.Boolean,System.Byte,System.Byte,System.String,System.Data.DataRowVersion,System.Object)' occur in both 'C:\WINDOWS\Microsoft.NET\Framework\v2.0.50727\System.Data.SqlClient.xml' and 'C:\WINDOWS\Microsoft.NET\Framework\v2.0.50727\System.Data.xml'. The last entry will be used.
Warn: CopyFromIndexComponent: Entries for the key 'M:System.Data.SqlClient.SqlParameter.System.ICloneable.Clone' occur in both 'C:\WINDOWS\Microsoft.NET\Framework\v2.0.50727\System.Data.SqlClient.xml' and 'C:\WINDOWS\Microsoft.NET\Framework\v2.0.50727\System.Data.xml'. The last entry will be used.
Warn: CopyFromIndexComponent: Entries for the key 'M:System.Data.SqlClient.SqlParameter.ToString' occur in both 'C:\WINDOWS\Microsoft.NET\Framework\v2.0.50727\System.Data.SqlClient.xml' and 'C:\WINDOWS\Microsoft.NET\Framework\v2.0.50727\System.Data.xml'. The last entry will be used.
Warn: CopyFromIndexComponent: Entries for the key 'P:System.Data.SqlClient.SqlParameter.DbType' occur in both 'C:\WINDOWS\Microsoft.NET\Framework\v2.0.50727\System.Data.SqlClient.xml' and 'C:\WINDOWS\Microsoft.NET\Framework\v2.0.50727\System.Data.xml'. The last entry will be used.
Warn: CopyFromIndexComponent: Entries for the key 'P:System.Data.SqlClient.SqlParameter.Direction' occur in both 'C:\WINDOWS\Microsoft.NET\Framework\v2.0.50727\System.Data.SqlClient.xml' and 'C:\WINDOWS\Microsoft.NET\Framework\v2.0.50727\System.Data.xml'. The last entry will be used.
Warn: CopyFromIndexComponent: Entries for the key 'P:System.Data.SqlClient.SqlParameter.IsNullable' occur in both 'C:\WINDOWS\Microsoft.NET\Framework\v2.0.50727\System.Data.SqlClient.xml' and 'C:\WINDOWS\Microsoft.NET\Framework\v2.0.50727\System.Data.xml'. The last entry will be used.
Warn: CopyFromIndexComponent: Entries for the key 'P:System.Data.SqlClient.SqlParameter.Offset' occur in both 'C:\WINDOWS\Microsoft.NET\Framework\v2.0.50727\System.Data.SqlClient.xml' and 'C:\WINDOWS\Microsoft.NET\Framework\v2.0.50727\System.Data.xml'. The last entry will be used.
Warn: CopyFromIndexComponent: Entries for the key 'P:System.Data.SqlClient.SqlParameter.ParameterName' occur in both 'C:\WINDOWS\Microsoft.NET\Framework\v2.0.50727\System.Data.SqlClient.xml' and 'C:\WINDOWS\Microsoft.NET\Framework\v2.0.50727\System.Data.xml'. The last entry will be used.
Warn: CopyFromIndexComponent: Entries for the key 'P:System.Data.SqlClient.SqlParameter.Precision' occur in both 'C:\WINDOWS\Microsoft.NET\Framework\v2.0.50727\System.Data.SqlClient.xml' and 'C:\WINDOWS\Microsoft.NET\Framework\v2.0.50727\System.Data.xml'. The last entry will be used.
Warn: CopyFromIndexComponent: Entries for the key 'P:System.Data.SqlClient.SqlParameter.Scale' occur in both 'C:\WINDOWS\Microsoft.NET\Framework\v2.0.50727\System.Data.SqlClient.xml' and 'C:\WINDOWS\Microsoft.NET\Framework\v2.0.50727\System.Data.xml'. The last entry will be used.
Warn: CopyFromIndexComponent: Entries for the key 'P:System.Data.SqlClient.SqlParameter.Size' occur in both 'C:\WINDOWS\Microsoft.NET\Framework\v2.0.50727\System.Data.SqlClient.xml' and 'C:\WINDOWS\Microsoft.NET\Framework\v2.0.50727\System.Data.xml'. The last entry will be used.
Warn: CopyFromIndexComponent: Entries for the key 'P:System.Data.SqlClient.SqlParameter.SourceColumn' occur in both 'C:\WINDOWS\Microsoft.NET\Framework\v2.0.50727\System.Data.SqlClient.xml' and 'C:\WINDOWS\Microsoft.NET\Framework\v2.0.50727\System.Data.xml'. The last entry will be used.
Warn: CopyFromIndexComponent: Entries for the key 'P:System.Data.SqlClient.SqlParameter.SourceVersion' occur in both 'C:\WINDOWS\Microsoft.NET\Framework\v2.0.50727\System.Data.SqlClient.xml' and 'C:\WINDOWS\Microsoft.NET\Framework\v2.0.50727\System.Data.xml'. The last entry will be used.
Warn: CopyFromIndexComponent: Entries for the key 'P:System.Data.SqlClient.SqlParameter.SqlDbType' occur in both 'C:\WINDOWS\Microsoft.NET\Framework\v2.0.50727\System.Data.SqlClient.xml' and 'C:\WINDOWS\Microsoft.NET\Framework\v2.0.50727\System.Data.xml'. The last entry will be used.
Warn: CopyFromIndexComponent: Entries for the key 'P:System.Data.SqlClient.SqlParameter.Value' occur in both 'C:\WINDOWS\Microsoft.NET\Framework\v2.0.50727\System.Data.SqlClient.xml' and 'C:\WINDOWS\Microsoft.NET\Framework\v2.0.50727\System.Data.xml'. The last entry will be used.
Warn: CopyFromIndexComponent: Entries for the key 'T:System.Data.SqlClient.SqlParameterCollection' occur in both 'C:\WINDOWS\Microsoft.NET\Framework\v2.0.50727\System.Data.SqlClient.xml' and 'C:\WINDOWS\Microsoft.NET\Framework\v2.0.50727\System.Data.xml'. The last entry will be used.
Warn: CopyFromIndexComponent: Entries for the key 'M:System.Data.SqlClient.SqlParameterCollection.Add(System.Object)' occur in both 'C:\WINDOWS\Microsoft.NET\Framework\v2.0.50727\System.Data.SqlClient.xml' and 'C:\WINDOWS\Microsoft.NET\Framework\v2.0.50727\System.Data.xml'. The last entry will be used.
Warn: CopyFromIndexComponent: Entries for the key 'M:System.Data.SqlClient.SqlParameterCollection.Add(System.Data.SqlClient.SqlParameter)' occur in both 'C:\WINDOWS\Microsoft.NET\Framework\v2.0.50727\System.Data.SqlClient.xml' and 'C:\WINDOWS\Microsoft.NET\Framework\v2.0.50727\System.Data.xml'. The last entry will be used.
Warn: CopyFromIndexComponent: Entries for the key 'M:System.Data.SqlClient.SqlParameterCollection.Add(System.String,System.Object)' occur in both 'C:\WINDOWS\Microsoft.NET\Framework\v2.0.50727\System.Data.SqlClient.xml' and 'C:\WINDOWS\Microsoft.NET\Framework\v2.0.50727\System.Data.xml'. The last entry will be used.
Warn: CopyFromIndexComponent: Entries for the key 'M:System.Data.SqlClient.SqlParameterCollection.Add(System.String,System.Data.SqlDbType)' occur in both 'C:\WINDOWS\Microsoft.NET\Framework\v2.0.50727\System.Data.SqlClient.xml' and 'C:\WINDOWS\Microsoft.NET\Framework\v2.0.50727\System.Data.xml'. The last entry will be used.
Warn: CopyFromIndexComponent: Entries for the key 'M:System.Data.SqlClient.SqlParameterCollection.Add(System.String,System.Data.SqlDbType,System.Int32)' occur in both 'C:\WINDOWS\Microsoft.NET\Framework\v2.0.50727\System.Data.SqlClient.xml' and 'C:\WINDOWS\Microsoft.NET\Framework\v2.0.50727\System.Data.xml'. The last entry will be used.
Warn: CopyFromIndexComponent: Entries for the key 'M:System.Data.SqlClient.SqlParameterCollection.Add(System.String,System.Data.SqlDbType,System.Int32,System.String)' occur in both 'C:\WINDOWS\Microsoft.NET\Framework\v2.0.50727\System.Data.SqlClient.xml' and 'C:\WINDOWS\Microsoft.NET\Framework\v2.0.50727\System.Data.xml'. The last entry will be used.
Warn: CopyFromIndexComponent: Entries for the key 'M:System.Data.SqlClient.SqlParameterCollection.AddWithValue(System.String,System.Object)' occur in both 'C:\WINDOWS\Microsoft.NET\Framework\v2.0.50727\System.Data.SqlClient.xml' and 'C:\WINDOWS\Microsoft.NET\Framework\v2.0.50727\System.Data.xml'. The last entry will be used.
Warn: CopyFromIndexComponent: Entries for the key 'M:System.Data.SqlClient.SqlParameterCollection.Clear' occur in both 'C:\WINDOWS\Microsoft.NET\Framework\v2.0.50727\System.Data.SqlClient.xml' and 'C:\WINDOWS\Microsoft.NET\Framework\v2.0.50727\System.Data.xml'. The last entry will be used.
Warn: CopyFromIndexComponent: Entries for the key 'M:System.Data.SqlClient.SqlParameterCollection.Contains(System.Object)' occur in both 'C:\WINDOWS\Microsoft.NET\Framework\v2.0.50727\System.Data.SqlClient.xml' and 'C:\WINDOWS\Microsoft.NET\Framework\v2.0.50727\System.Data.xml'. The last entry will be used.
Warn: CopyFromIndexComponent: Entries for the key 'M:System.Data.SqlClient.SqlParameterCollection.Contains(System.String)' occur in both 'C:\WINDOWS\Microsoft.NET\Framework\v2.0.50727\System.Data.SqlClient.xml' and 'C:\WINDOWS\Microsoft.NET\Framework\v2.0.50727\System.Data.xml'. The last entry will be used.
Warn: CopyFromIndexComponent: Entries for the key 'M:System.Data.SqlClient.SqlParameterCollection.CopyTo(System.Array,System.Int32)' occur in both 'C:\WINDOWS\Microsoft.NET\Framework\v2.0.50727\System.Data.SqlClient.xml' and 'C:\WINDOWS\Microsoft.NET\Framework\v2.0.50727\System.Data.xml'. The last entry will be used.
Warn: CopyFromIndexComponent: Entries for the key 'M:System.Data.SqlClient.SqlParameterCollection.GetEnumerator' occur in both 'C:\WINDOWS\Microsoft.NET\Framework\v2.0.50727\System.Data.SqlClient.xml' and 'C:\WINDOWS\Microsoft.NET\Framework\v2.0.50727\System.Data.xml'. The last entry will be used.
Warn: CopyFromIndexComponent: Entries for the key 'M:System.Data.SqlClient.SqlParameterCollection.IndexOf(System.Object)' occur in both 'C:\WINDOWS\Microsoft.NET\Framework\v2.0.50727\System.Data.SqlClient.xml' and 'C:\WINDOWS\Microsoft.NET\Framework\v2.0.50727\System.Data.xml'. The last entry will be used.
Warn: CopyFromIndexComponent: Entries for the key 'M:System.Data.SqlClient.SqlParameterCollection.IndexOf(System.String)' occur in both 'C:\WINDOWS\Microsoft.NET\Framework\v2.0.50727\System.Data.SqlClient.xml' and 'C:\WINDOWS\Microsoft.NET\Framework\v2.0.50727\System.Data.xml'. The last entry will be used.
Warn: CopyFromIndexComponent: Entries for the key 'M:System.Data.SqlClient.SqlParameterCollection.Insert(System.Int32,System.Object)' occur in both 'C:\WINDOWS\Microsoft.NET\Framework\v2.0.50727\System.Data.SqlClient.xml' and 'C:\WINDOWS\Microsoft.NET\Framework\v2.0.50727\System.Data.xml'. The last entry will be used.
Warn: CopyFromIndexComponent: Entries for the key 'M:System.Data.SqlClient.SqlParameterCollection.Remove(System.Object)' occur in both 'C:\WINDOWS\Microsoft.NET\Framework\v2.0.50727\System.Data.SqlClient.xml' and 'C:\WINDOWS\Microsoft.NET\Framework\v2.0.50727\System.Data.xml'. The last entry will be used.
Warn: CopyFromIndexComponent: Entries for the key 'M:System.Data.SqlClient.SqlParameterCollection.RemoveAt(System.Int32)' occur in both 'C:\WINDOWS\Microsoft.NET\Framework\v2.0.50727\System.Data.SqlClient.xml' and 'C:\WINDOWS\Microsoft.NET\Framework\v2.0.50727\System.Data.xml'. The last entry will be used.
Warn: CopyFromIndexComponent: Entries for the key 'M:System.Data.SqlClient.SqlParameterCollection.RemoveAt(System.String)' occur in both 'C:\WINDOWS\Microsoft.NET\Framework\v2.0.50727\System.Data.SqlClient.xml' and 'C:\WINDOWS\Microsoft.NET\Framework\v2.0.50727\System.Data.xml'. The last entry will be used.
Warn: CopyFromIndexComponent: Entries for the key 'P:System.Data.SqlClient.SqlParameterCollection.Count' occur in both 'C:\WINDOWS\Microsoft.NET\Framework\v2.0.50727\System.Data.SqlClient.xml' and 'C:\WINDOWS\Microsoft.NET\Framework\v2.0.50727\System.Data.xml'. The last entry will be used.
Warn: CopyFromIndexComponent: Entries for the key 'P:System.Data.SqlClient.SqlParameterCollection.Item(System.Int32)' occur in both 'C:\WINDOWS\Microsoft.NET\Framework\v2.0.50727\System.Data.SqlClient.xml' and 'C:\WINDOWS\Microsoft.NET\Framework\v2.0.50727\System.Data.xml'. The last entry will be used.
Warn: CopyFromIndexComponent: Entries for the key 'P:System.Data.SqlClient.SqlParameterCollection.Item(System.String)' occur in both 'C:\WINDOWS\Microsoft.NET\Framework\v2.0.50727\System.Data.SqlClient.xml' and 'C:\WINDOWS\Microsoft.NET\Framework\v2.0.50727\System.Data.xml'. The last entry will be used.
Warn: CopyFromIndexComponent: Entries for the key 'T:System.Data.SqlClient.SqlRowUpdatedEventArgs' occur in both 'C:\WINDOWS\Microsoft.NET\Framework\v2.0.50727\System.Data.SqlClient.xml' and 'C:\WINDOWS\Microsoft.NET\Framework\v2.0.50727\System.Data.xml'. The last entry will be used.
Warn: CopyFromIndexComponent: Entries for the key 'M:System.Data.SqlClient.SqlRowUpdatedEventArgs.#ctor(System.Data.DataRow,System.Data.IDbCommand,System.Data.StatementType,System.Data.Common.DataTableMapping)' occur in both 'C:\WINDOWS\Microsoft.NET\Framework\v2.0.50727\System.Data.SqlClient.xml' and 'C:\WINDOWS\Microsoft.NET\Framework\v2.0.50727\System.Data.xml'. The last entry will be used.
Warn: CopyFromIndexComponent: Entries for the key 'P:System.Data.SqlClient.SqlRowUpdatedEventArgs.Command' occur in both 'C:\WINDOWS\Microsoft.NET\Framework\v2.0.50727\System.Data.SqlClient.xml' and 'C:\WINDOWS\Microsoft.NET\Framework\v2.0.50727\System.Data.xml'. The last entry will be used.
Warn: CopyFromIndexComponent: Entries for the key 'T:System.Data.SqlClient.SqlRowUpdatedEventHandler' occur in both 'C:\WINDOWS\Microsoft.NET\Framework\v2.0.50727\System.Data.SqlClient.xml' and 'C:\WINDOWS\Microsoft.NET\Framework\v2.0.50727\System.Data.xml'. The last entry will be used.
Warn: CopyFromIndexComponent: Entries for the key 'T:System.Data.SqlClient.SqlRowUpdatingEventArgs' occur in both 'C:\WINDOWS\Microsoft.NET\Framework\v2.0.50727\System.Data.SqlClient.xml' and 'C:\WINDOWS\Microsoft.NET\Framework\v2.0.50727\System.Data.xml'. The last entry will be used.
Warn: CopyFromIndexComponent: Entries for the key 'M:System.Data.SqlClient.SqlRowUpdatingEventArgs.#ctor(System.Data.DataRow,System.Data.IDbCommand,System.Data.StatementType,System.Data.Common.DataTableMapping)' occur in both 'C:\WINDOWS\Microsoft.NET\Framework\v2.0.50727\System.Data.SqlClient.xml' and 'C:\WINDOWS\Microsoft.NET\Framework\v2.0.50727\System.Data.xml'. The last entry will be used.
Warn: CopyFromIndexComponent: Entries for the key 'P:System.Data.SqlClient.SqlRowUpdatingEventArgs.Command' occur in both 'C:\WINDOWS\Microsoft.NET\Framework\v2.0.50727\System.Data.SqlClient.xml' and 'C:\WINDOWS\Microsoft.NET\Framework\v2.0.50727\System.Data.xml'. The last entry will be used.
Warn: CopyFromIndexComponent: Entries for the key 'T:System.Data.SqlClient.SqlRowUpdatingEventHandler' occur in both 'C:\WINDOWS\Microsoft.NET\Framework\v2.0.50727\System.Data.SqlClient.xml' and 'C:\WINDOWS\Microsoft.NET\Framework\v2.0.50727\System.Data.xml'. The last entry will be used.
Warn: CopyFromIndexComponent: Entries for the key 'T:System.Data.SqlClient.SqlTransaction' occur in both 'C:\WINDOWS\Microsoft.NET\Framework\v2.0.50727\System.Data.SqlClient.xml' and 'C:\WINDOWS\Microsoft.NET\Framework\v2.0.50727\System.Data.xml'. The last entry will be used.
Warn: CopyFromIndexComponent: Entries for the key 'M:System.Data.SqlClient.SqlTransaction.Commit' occur in both 'C:\WINDOWS\Microsoft.NET\Framework\v2.0.50727\System.Data.SqlClient.xml' and 'C:\WINDOWS\Microsoft.NET\Framework\v2.0.50727\System.Data.xml'. The last entry will be used.
Warn: CopyFromIndexComponent: Entries for the key 'M:System.Data.SqlClient.SqlTransaction.Rollback' occur in both 'C:\WINDOWS\Microsoft.NET\Framework\v2.0.50727\System.Data.SqlClient.xml' and 'C:\WINDOWS\Microsoft.NET\Framework\v2.0.50727\System.Data.xml'. The last entry will be used.
Warn: CopyFromIndexComponent: Entries for the key 'M:System.Data.SqlClient.SqlTransaction.Rollback(System.String)' occur in both 'C:\WINDOWS\Microsoft.NET\Framework\v2.0.50727\System.Data.SqlClient.xml' and 'C:\WINDOWS\Microsoft.NET\Framework\v2.0.50727\System.Data.xml'. The last entry will be used.
Warn: CopyFromIndexComponent: Entries for the key 'M:System.Data.SqlClient.SqlTransaction.Save(System.String)' occur in both 'C:\WINDOWS\Microsoft.NET\Framework\v2.0.50727\System.Data.SqlClient.xml' and 'C:\WINDOWS\Microsoft.NET\Framework\v2.0.50727\System.Data.xml'. The last entry will be used.
Warn: CopyFromIndexComponent: Entries for the key 'P:System.Data.SqlClient.SqlTransaction.Connection' occur in both 'C:\WINDOWS\Microsoft.NET\Framework\v2.0.50727\System.Data.SqlClient.xml' and 'C:\WINDOWS\Microsoft.NET\Framework\v2.0.50727\System.Data.xml'. The last entry will be used.
Warn: CopyFromIndexComponent: Entries for the key 'P:System.Data.SqlClient.SqlTransaction.IsolationLevel' occur in both 'C:\WINDOWS\Microsoft.NET\Framework\v2.0.50727\System.Data.SqlClient.xml' and 'C:\WINDOWS\Microsoft.NET\Framework\v2.0.50727\System.Data.xml'. The last entry will be used.
Info: CopyFromIndexComponent: Searching for files that match 'C:\Documents and Settings\Ricky\Escritorio\IniFileParser\src\IniFileParser\Working\INIFileParser.xml'.
Info: CopyFromIndexComponent: Indexed 75557 elements in 66 files.
Info: ForEachComponent: Instantiating component.
Info: ForEachComponent: Loading subcomponents.
Info: IfThenComponent: Instantiating component.
Info: CopyFromIndexComponent: Instantiating component.
Info: CopyFromIndexComponent: Instantiating component.
Info: ForEachComponent: Loaded 2 subcomponents.
Info: CopyFromIndexComponent: Instantiating component.
Info: ShowMissingComponent: Instantiating component.
Info: ShowMissingComponent: 
    [Sandcastle Help File Builder Components, version 1.6.0.2]
    Show Missing Documentation Component. Copyright ¸ 2006-2007, Eric Woodruff, All Rights Reserved
    http://www.codeplex.com/SHFB
Info: VersionInfoComponent: Instantiating component.
Info: VersionInfoComponent: 
    [Sandcastle Help File Builder Components, version 1.6.0.2]
    Version Information Component. Copyright ¸ 2006-2007, Eric Woodruff, All Rights Reserved
    http://www.codeplex.com/SHFB
Info: CodeBlockComponent: Instantiating component.
Info: CodeBlockComponent: 
    [Sandcastle Help File Builder Components, version 1.6.0.2]
    Code Block Component. Copyright ¸ 2006-2007, Eric Woodruff, All Rights Reserved.
    Portions copyright (c) 2003, Jonathan de Halleux, All rights reserved.
    http://www.codeplex.com/SHFB
Info: TransformComponent: Instantiating component.
Info: PostTransformComponent: Instantiating component.
Info: PostTransformComponent: 
    [Sandcastle Help File Builder Components, version 1.6.0.2]
    Post-Transform Component. Copyright ¸ 2006-2007, Eric Woodruff, All Rights Reserved
    http://www.codeplex.com/SHFB
Info: SharedContentComponent: Instantiating component.
Info: SharedContentComponent: Searching for files that match 'C:\Archivos de programa\Sandcastle\Presentation\Prototype\content\shared_content.xml'.
Info: SharedContentComponent: Loading shared content file 'C:\Archivos de programa\Sandcastle\Presentation\Prototype\content\shared_content.xml'.
Info: SharedContentComponent: Found 1 files in C:\Archivos de programa\Sandcastle\Presentation\Prototype\content\shared_content.xml.
Info: SharedContentComponent: Searching for files that match 'C:\Archivos de programa\Sandcastle\Presentation\Prototype\content\reference_content.xml'.
Info: SharedContentComponent: Loading shared content file 'C:\Archivos de programa\Sandcastle\Presentation\Prototype\content\reference_content.xml'.
Info: SharedContentComponent: Found 1 files in C:\Archivos de programa\Sandcastle\Presentation\Prototype\content\reference_content.xml.
Info: SharedContentComponent: Searching for files that match 'C:\Archivos de programa\Sandcastle\Presentation\Shared\content\syntax_content.xml'.
Info: SharedContentComponent: Loading shared content file 'C:\Archivos de programa\Sandcastle\Presentation\Shared\content\syntax_content.xml'.
Info: SharedContentComponent: Found 1 files in C:\Archivos de programa\Sandcastle\Presentation\Shared\content\syntax_content.xml.
Info: SharedContentComponent: Searching for files that match 'SharedBuilderContent.xml'.
Info: SharedContentComponent: Loading shared content file 'C:\Documents and Settings\Ricky\Escritorio\IniFileParser\src\IniFileParser\Working\SharedBuilderContent.xml'.
Info: SharedContentComponent: Overriding shared content item 'rootlink' with value in file 'C:\Documents and Settings\Ricky\Escritorio\IniFileParser\src\IniFileParser\Working\SharedBuilderContent.xml'.
Info: SharedContentComponent: Overriding shared content item 'producttitle' with value in file 'C:\Documents and Settings\Ricky\Escritorio\IniFileParser\src\IniFileParser\Working\SharedBuilderContent.xml'.
Info: SharedContentComponent: Overriding shared content item 'locationinformation' with value in file 'C:\Documents and Settings\Ricky\Escritorio\IniFileParser\src\IniFileParser\Working\SharedBuilderContent.xml'.
Info: SharedContentComponent: Overriding shared content item 'locale' with value in file 'C:\Documents and Settings\Ricky\Escritorio\IniFileParser\src\IniFileParser\Working\SharedBuilderContent.xml'.
Info: SharedContentComponent: Overriding shared content item 'copyright' with value in file 'C:\Documents and Settings\Ricky\Escritorio\IniFileParser\src\IniFileParser\Working\SharedBuilderContent.xml'.
Info: SharedContentComponent: Found 1 files in SharedBuilderContent.xml.
Info: SharedContentComponent: Searching for files that match 'PresentationStyleBuilderContent.xml'.
Info: SharedContentComponent: Loading shared content file 'C:\Documents and Settings\Ricky\Escritorio\IniFileParser\src\IniFileParser\Working\PresentationStyleBuilderContent.xml'.
Info: SharedContentComponent: Overriding shared content item 'header' with value in file 'C:\Documents and Settings\Ricky\Escritorio\IniFileParser\src\IniFileParser\Working\PresentationStyleBuilderContent.xml'.
Info: SharedContentComponent: Overriding shared content item 'footer' with value in file 'C:\Documents and Settings\Ricky\Escritorio\IniFileParser\src\IniFileParser\Working\PresentationStyleBuilderContent.xml'.
Info: SharedContentComponent: Found 1 files in PresentationStyleBuilderContent.xml.
Info: SharedContentComponent: Loaded 210 shared content items.
Info: ResolveReferenceLinksComponent2: Instantiating component.
Info: ResolveReferenceLinksComponent2: Creating MSDN URL resolver.
Info: ResolveReferenceLinksComponent2: Searching directory 'C:\Archivos de programa\Sandcastle\Data\Reflection' for targets files of the form '*.xml'.
Info: ResolveReferenceLinksComponent2: Searching directory 'C:\Documents and Settings\Ricky\Escritorio\IniFileParser\src\IniFileParser\Working' for targets files of the form 'reflection.xml'.
Info: ResolveReferenceLinksComponent2: Loaded 170167 reference targets.
Info: SaveComponent: Instantiating component.
Info: BuildAssembler: Building topic N:IniParser
Info: BuildAssembler: Building topic T:IniParser.FileIniDataParser
Info: BuildAssembler: Building topic M:IniParser.FileIniDataParser.#ctor
Info: BuildAssembler: Building topic M:IniParser.FileIniDataParser.LoadFile(System.String)
Info: BuildAssembler: Building topic P:IniParser.FileIniDataParser.ParsedData
Info: BuildAssembler: Building topic M:IniParser.FileIniDataParser.SaveFile(System.String)
Info: BuildAssembler: Building topic T:IniParser.IniData
Info: BuildAssembler: Building topic Overload:IniParser.IniData..ctor
Info: BuildAssembler: Building topic M:IniParser.IniData.#ctor
Info: BuildAssembler: Building topic M:IniParser.IniData.#ctor(IniParser.SectionDataCollection)
Info: BuildAssembler: Building topic P:IniParser.IniData.SectionCollection
Info: BuildAssembler: Building topic T:IniParser.KeyData
Info: BuildAssembler: Building topic Overload:IniParser.KeyData..ctor
Info: BuildAssembler: Building topic M:IniParser.KeyData.#ctor(IniParser.KeyData)
Info: BuildAssembler: Building topic M:IniParser.KeyData.#ctor(System.String)
Warn: ShowMissingComponent: Missing <param name="keyName"> documentation for M:IniParser.KeyData.#ctor(System.String)
Info: BuildAssembler: Building topic M:IniParser.KeyData.Clone
Info: BuildAssembler: Building topic P:IniParser.KeyData.Comments
Info: BuildAssembler: Building topic P:IniParser.KeyData.KeyName
Info: BuildAssembler: Building topic P:IniParser.KeyData.Value
Info: BuildAssembler: Building topic T:IniParser.KeyDataCollection
Info: BuildAssembler: Building topic Overload:IniParser.KeyDataCollection..ctor
Info: BuildAssembler: Building topic Overload:IniParser.KeyDataCollection.AddKey
Info: BuildAssembler: Building topic M:IniParser.KeyDataCollection.#ctor
Info: BuildAssembler: Building topic M:IniParser.KeyDataCollection.#ctor(IniParser.KeyDataCollection)
Info: BuildAssembler: Building topic M:IniParser.KeyDataCollection.AddKey(System.String)
Info: BuildAssembler: Building topic M:IniParser.KeyDataCollection.AddKey(System.String,System.String)
Info: BuildAssembler: Building topic M:IniParser.KeyDataCollection.Clone
Info: BuildAssembler: Building topic M:IniParser.KeyDataCollection.ContainsKey(System.String)
Info: BuildAssembler: Building topic P:IniParser.KeyDataCollection.Count
Info: BuildAssembler: Building topic M:IniParser.KeyDataCollection.GetEnumerator
Info: BuildAssembler: Building topic M:IniParser.KeyDataCollection.GetKeyData(System.String)
Info: BuildAssembler: Building topic P:IniParser.KeyDataCollection.Item(System.String)
Info: BuildAssembler: Building topic M:IniParser.KeyDataCollection.RemoveKey(System.String)
Info: BuildAssembler: Building topic M:IniParser.KeyDataCollection.SetKeyData(IniParser.KeyData)
Info: BuildAssembler: Building topic T:IniParser.ParsingException
Info: BuildAssembler: Building topic Overload:IniParser.ParsingException..ctor
Info: BuildAssembler: Building topic M:IniParser.ParsingException.#ctor
Info: BuildAssembler: Building topic M:IniParser.ParsingException.#ctor(System.String)
Info: BuildAssembler: Building topic M:IniParser.ParsingException.#ctor(System.String,System.Exception)
Info: BuildAssembler: Building topic T:IniParser.SectionData
Info: BuildAssembler: Building topic Overload:IniParser.SectionData..ctor
Info: BuildAssembler: Building topic M:IniParser.SectionData.#ctor(IniParser.SectionData)
Info: BuildAssembler: Building topic M:IniParser.SectionData.#ctor(System.String)
Warn: ShowMissingComponent: Missing <param name="sectionName"> documentation for M:IniParser.SectionData.#ctor(System.String)
Info: BuildAssembler: Building topic M:IniParser.SectionData.Clone
Info: BuildAssembler: Building topic P:IniParser.SectionData.Comments
Info: BuildAssembler: Building topic P:IniParser.SectionData.Keys
Info: BuildAssembler: Building topic P:IniParser.SectionData.SectionName
Info: BuildAssembler: Building topic T:IniParser.SectionDataCollection
Info: BuildAssembler: Building topic Overload:IniParser.SectionDataCollection..ctor
Info: BuildAssembler: Building topic M:IniParser.SectionDataCollection.#ctor
Info: BuildAssembler: Building topic M:IniParser.SectionDataCollection.#ctor(IniParser.SectionDataCollection)
Info: BuildAssembler: Building topic M:IniParser.SectionDataCollection.AddSection(System.String)
Warn: ShowMissingComponent: Missing <returns> documentation for M:IniParser.SectionDataCollection.AddSection(System.String)
Info: BuildAssembler: Building topic M:IniParser.SectionDataCollection.Clear
Info: BuildAssembler: Building topic M:IniParser.SectionDataCollection.Clone
Info: BuildAssembler: Building topic M:IniParser.SectionDataCollection.ContainsSection(System.String)
Info: BuildAssembler: Building topic P:IniParser.SectionDataCollection.Count
Info: BuildAssembler: Building topic M:IniParser.SectionDataCollection.GetEnumerator
Info: BuildAssembler: Building topic M:IniParser.SectionDataCollection.GetSectionData(System.String)
Info: BuildAssembler: Building topic P:IniParser.SectionDataCollection.Item(System.String)
Info: BuildAssembler: Building topic M:IniParser.SectionDataCollection.RemoveSection(System.String)
Warn: ShowMissingComponent: Missing <summary> documentation for M:IniParser.SectionDataCollection.RemoveSection(System.String)
Warn: ShowMissingComponent: Missing <returns> documentation for M:IniParser.SectionDataCollection.RemoveSection(System.String)
Warn: ShowMissingComponent: Missing <param name="keyName"> documentation for M:IniParser.SectionDataCollection.RemoveSection(System.String)
Info: BuildAssembler: Building topic M:IniParser.SectionDataCollection.SetSectionData(System.String,IniParser.SectionData)
Warn: ShowMissingComponent: Missing <param name="sectionName"> documentation for M:IniParser.SectionDataCollection.SetSectionData(System.String,IniParser.SectionData)
Info: BuildAssembler: Building topic T:IniParser.StreamIniDataParser
Info: BuildAssembler: Building topic M:IniParser.StreamIniDataParser.#ctor
Info: BuildAssembler: Building topic P:IniParser.StreamIniDataParser.CommentDelimiter
Info: BuildAssembler: Building topic P:IniParser.StreamIniDataParser.CommentRegexString
Info: BuildAssembler: Building topic P:IniParser.StreamIniDataParser.KeyValueDelimiter
Info: BuildAssembler: Building topic P:IniParser.StreamIniDataParser.KeyValuePairRegexString
Info: BuildAssembler: Building topic M:IniParser.StreamIniDataParser.ReadData(System.IO.StreamReader)
Warn: ShowMissingComponent: Missing <returns> documentation for M:IniParser.StreamIniDataParser.ReadData(System.IO.StreamReader)
Info: BuildAssembler: Building topic P:IniParser.StreamIniDataParser.SectionDelimiters
Info: BuildAssembler: Building topic P:IniParser.StreamIniDataParser.SectionRegexString
Info: BuildAssembler: Building topic M:IniParser.StreamIniDataParser.WriteData(System.IO.StreamWriter,IniParser.IniData)
Info: BuildAssembler: Building topic T:IniParser.StringIniParser
Info: BuildAssembler: Building topic M:IniParser.StringIniParser.#ctor
Info: ShowMissingComponent: Auto-documenting constructor M:IniParser.StringIniParser.#ctor
Info: BuildAssembler: Building topic M:IniParser.StringIniParser.ParseString(System.String)
Warn: ShowMissingComponent: Missing <summary> documentation for M:IniParser.StringIniParser.ParseString(System.String)
Warn: ShowMissingComponent: Missing <returns> documentation for M:IniParser.StringIniParser.ParseString(System.String)
Warn: ShowMissingComponent: Missing <param name="dataStr"> documentation for M:IniParser.StringIniParser.ParseString(System.String)
Info: BuildAssembler: Building topic M:IniParser.StringIniParser.WriteString(IniParser.IniData)
Warn: ShowMissingComponent: Missing <summary> documentation for M:IniParser.StringIniParser.WriteString(IniParser.IniData)
Warn: ShowMissingComponent: Missing <returns> documentation for M:IniParser.StringIniParser.WriteString(IniParser.IniData)
Warn: ShowMissingComponent: Missing <param name="iniData"> documentation for M:IniParser.StringIniParser.WriteString(IniParser.IniData)
Info: BuildAssembler: Building topic R:Project
Info: Processed 76 topics
    Last step completed in 00:00:51.0781
-------------------------------
Generating intermediate table of content file...
[C:\Documents and Settings\Ricky\Escritorio\IniFileParser\src\IniFileParser\Working\GenerateIntermediateTOC.bat]
XslTransform (v2.3.8000.26)
Copyright ¸ Microsoft 2005-2006
Info: Applying XSL transformation 'C:\Archivos de programa\Sandcastle\ProductionTransforms\CreatePrototypeToc.xsl'.
    Last step completed in 00:00:00.3438
-------------------------------
Generating HTML Help 1.x table of content file...
[C:\Documents and Settings\Ricky\Escritorio\IniFileParser\src\IniFileParser\Working\Generate1xTOC.bat]
XslTransform (v2.3.8000.26)
Copyright ¸ Microsoft 2005-2006
Info: Applying XSL transformation 'C:\Archivos de programa\Sandcastle\ProductionTransforms\TocToChmContents.xsl'.
    Last step completed in 00:00:00.5000
Updating table of content with additional content items and determining default topic...
    Last step completed in 00:00:00.0000
-------------------------------
Generating HTML Help 1.x index file...
[C:\Documents and Settings\Ricky\Escritorio\IniFileParser\src\IniFileParser\Working\Generate1xIndex.bat]
XslTransform (v2.3.8000.26)
Copyright ¸ Microsoft 2005-2006
Info: Applying XSL transformation 'C:\Archivos de programa\Sandcastle\ProductionTransforms\ReflectionToChmIndex.xsl'.
    Last step completed in 00:00:00.2969
-------------------------------
Generating HTML Help 1.x project file...
    Last step completed in 00:00:00.0000
-------------------------------
Compiling HTML Help 1.x file...
[C:\Documents and Settings\Ricky\Escritorio\IniFileParser\src\IniFileParser\Working\Build1xHelpFile.bat]
Microsoft HTML Help Compiler 4.74.8702



Compiling c:\Documents and Settings\Ricky\Escritorio\IniFileParser\src\IniFileParser\Working\Output\IniFileParserDocumentation.chm





Compile time: 0 minutes, 1 second

78	Topics

654	Local links

462	Internet links

0	Graphics





Created c:\Documents and Settings\Ricky\Escritorio\IniFileParser\src\IniFileParser\Working\Output\IniFileParserDocumentation.chm, 113,666 bytes

Compression decreased file by 536,373 bytes.

    Last step completed in 00:00:02.0000
Removing intermediate files...
    Last step completed in 00:00:00.2969


Build completed successfully.  Total time: 00:00:57,0156

